2020-01-11 16:38:09.516  INFO 6296 --- [main] com.kenick.Application                   : Starting Application on pc-PC with PID 6296 (E:\svn_workspace\SmartFinancialManager\target\classes started by Administrator in E:\svn_workspace\SmartFinancialManager)
2020-01-11 16:38:09.518 DEBUG 6296 --- [main] com.kenick.Application                   : Running with Spring Boot v1.5.6.RELEASE, Spring v4.3.10.RELEASE
2020-01-11 16:38:09.518  INFO 6296 --- [main] com.kenick.Application                   : The following profiles are active: prod
2020-01-11 16:38:10.017  INFO 6296 --- [main] ationConfigEmbeddedWebApplicationContext : Refreshing org.springframework.boot.context.embedded.AnnotationConfigEmbeddedWebApplicationContext@4808bc9b: startup date [Sat Jan 11 16:38:10 CST 2020]; root of context hierarchy
2020-01-11 16:38:10.883  INFO 6296 --- [main] ptablePropertiesBeanFactoryPostProcessor : Post-processing PropertySource instances
2020-01-11 16:38:10.923  INFO 6296 --- [main] c.u.j.EncryptablePropertySourceConverter : Converting PropertySource servletConfigInitParams [org.springframework.core.env.PropertySource$StubPropertySource] to EncryptablePropertySourceWrapper
2020-01-11 16:38:10.924  INFO 6296 --- [main] c.u.j.EncryptablePropertySourceConverter : Converting PropertySource servletContextInitParams [org.springframework.core.env.PropertySource$StubPropertySource] to EncryptablePropertySourceWrapper
2020-01-11 16:38:10.925  INFO 6296 --- [main] c.u.j.EncryptablePropertySourceConverter : Converting PropertySource systemProperties [org.springframework.core.env.MapPropertySource] to EncryptableMapPropertySourceWrapper
2020-01-11 16:38:10.925  INFO 6296 --- [main] c.u.j.EncryptablePropertySourceConverter : Converting PropertySource systemEnvironment [org.springframework.core.env.SystemEnvironmentPropertySource] to EncryptableMapPropertySourceWrapper
2020-01-11 16:38:10.925  INFO 6296 --- [main] c.u.j.EncryptablePropertySourceConverter : Converting PropertySource random [org.springframework.boot.context.config.RandomValuePropertySource] to EncryptablePropertySourceWrapper
2020-01-11 16:38:10.925  INFO 6296 --- [main] c.u.j.EncryptablePropertySourceConverter : Converting PropertySource applicationConfig: [classpath:/application-prod.properties] [org.springframework.core.env.PropertiesPropertySource] to EncryptableMapPropertySourceWrapper
2020-01-11 16:38:10.925  INFO 6296 --- [main] c.u.j.EncryptablePropertySourceConverter : Converting PropertySource applicationConfig: [classpath:/application.properties] [org.springframework.core.env.PropertiesPropertySource] to EncryptableMapPropertySourceWrapper
2020-01-11 16:38:11.220  INFO 6296 --- [main] c.u.j.r.DefaultLazyPropertyResolver      : Property Resolver custom Bean not found with name 'encryptablePropertyResolver'. Initializing Default Property Resolver
2020-01-11 16:38:11.223  INFO 6296 --- [main] c.u.j.d.DefaultLazyPropertyDetector      : Property Detector custom Bean not found with name 'encryptablePropertyDetector'. Initializing Default Property Detector
2020-01-11 16:38:11.459  INFO 6296 --- [main] s.b.c.e.t.TomcatEmbeddedServletContainer : Tomcat initialized with port(s): 80 (http)
2020-01-11 16:38:11.468  INFO 6296 --- [main] o.apache.catalina.core.StandardService   : Starting service [Tomcat]
2020-01-11 16:38:11.469  INFO 6296 --- [main] org.apache.catalina.core.StandardEngine  : Starting Servlet Engine: Apache Tomcat/8.5.16
2020-01-11 16:38:11.608  INFO 6296 --- [localhost-startStop-1] o.a.c.c.C.[Tomcat].[localhost].[/]       : Initializing Spring embedded WebApplicationContext
2020-01-11 16:38:11.609  INFO 6296 --- [localhost-startStop-1] o.s.web.context.ContextLoader            : Root WebApplicationContext: initialization completed in 1592 ms
2020-01-11 16:38:11.794  INFO 6296 --- [localhost-startStop-1] o.s.b.w.servlet.ServletRegistrationBean  : Mapping servlet: 'dispatcherServlet' to [/]
2020-01-11 16:38:11.799  INFO 6296 --- [localhost-startStop-1] o.s.b.w.servlet.FilterRegistrationBean   : Mapping filter: 'characterEncodingFilter' to: [/*]
2020-01-11 16:38:11.799  INFO 6296 --- [localhost-startStop-1] o.s.b.w.servlet.FilterRegistrationBean   : Mapping filter: 'hiddenHttpMethodFilter' to: [/*]
2020-01-11 16:38:11.800  INFO 6296 --- [localhost-startStop-1] o.s.b.w.servlet.FilterRegistrationBean   : Mapping filter: 'httpPutFormContentFilter' to: [/*]
2020-01-11 16:38:11.800  INFO 6296 --- [localhost-startStop-1] o.s.b.w.servlet.FilterRegistrationBean   : Mapping filter: 'requestContextFilter' to: [/*]
2020-01-11 16:38:11.924  INFO 6296 --- [main] c.u.j.encryptor.DefaultLazyEncryptor     : String Encryptor custom Bean not found with name 'jasyptStringEncryptor'. Initializing Default String Encryptor
2020-01-11 16:38:11.931  INFO 6296 --- [main] c.u.j.encryptor.DefaultLazyEncryptor     : Encryptor config not found for property jasypt.encryptor.algorithm, using default value: PBEWithMD5AndDES
2020-01-11 16:38:11.932  INFO 6296 --- [main] c.u.j.encryptor.DefaultLazyEncryptor     : Encryptor config not found for property jasypt.encryptor.keyObtentionIterations, using default value: 1000
2020-01-11 16:38:11.932  INFO 6296 --- [main] c.u.j.encryptor.DefaultLazyEncryptor     : Encryptor config not found for property jasypt.encryptor.poolSize, using default value: 1
2020-01-11 16:38:11.932  INFO 6296 --- [main] c.u.j.encryptor.DefaultLazyEncryptor     : Encryptor config not found for property jasypt.encryptor.providerName, using default value: null
2020-01-11 16:38:11.932  INFO 6296 --- [main] c.u.j.encryptor.DefaultLazyEncryptor     : Encryptor config not found for property jasypt.encryptor.saltGeneratorClassname, using default value: org.jasypt.salt.RandomSaltGenerator
2020-01-11 16:38:11.933  INFO 6296 --- [main] c.u.j.encryptor.DefaultLazyEncryptor     : Encryptor config not found for property jasypt.encryptor.stringOutputType, using default value: base64
2020-01-11 16:38:12.890  INFO 6296 --- [main] s.w.s.m.m.a.RequestMappingHandlerAdapter : Looking for @ControllerAdvice: org.springframework.boot.context.embedded.AnnotationConfigEmbeddedWebApplicationContext@4808bc9b: startup date [Sat Jan 11 16:38:10 CST 2020]; root of context hierarchy
2020-01-11 16:38:12.949  INFO 6296 --- [main] s.w.s.m.m.a.RequestMappingHandlerMapping : Mapped "{[/fund/index.html]}" onto public java.lang.String com.kenick.controller.FundController.index(org.springframework.ui.Model)
2020-01-11 16:38:12.949  INFO 6296 --- [main] s.w.s.m.m.a.RequestMappingHandlerMapping : Mapped "{[/fund/queryfundinfolist]}" onto public java.lang.String com.kenick.controller.FundController.queryFundInfoList()
2020-01-11 16:38:12.950  INFO 6296 --- [main] s.w.s.m.m.a.RequestMappingHandlerMapping : Mapped "{[/hello],methods=[GET]}" onto public java.lang.String com.kenick.controller.HelloController.hello(org.springframework.ui.Model)
2020-01-11 16:38:12.950  INFO 6296 --- [main] s.w.s.m.m.a.RequestMappingHandlerMapping : Mapped "{[/]}" onto public java.lang.String com.kenick.controller.IndexController.index()
2020-01-11 16:38:12.950  INFO 6296 --- [main] s.w.s.m.m.a.RequestMappingHandlerMapping : Mapped "{[/user/addUser]}" onto public com.kenick.generate.bean.User com.kenick.controller.UserController.addUser(javax.servlet.http.HttpServletRequest,org.springframework.ui.Model)
2020-01-11 16:38:12.952  INFO 6296 --- [main] s.w.s.m.m.a.RequestMappingHandlerMapping : Mapped "{[/error]}" onto public org.springframework.http.ResponseEntity<java.util.Map<java.lang.String, java.lang.Object>> org.springframework.boot.autoconfigure.web.BasicErrorController.error(javax.servlet.http.HttpServletRequest)
2020-01-11 16:38:12.952  INFO 6296 --- [main] s.w.s.m.m.a.RequestMappingHandlerMapping : Mapped "{[/error],produces=[text/html]}" onto public org.springframework.web.servlet.ModelAndView org.springframework.boot.autoconfigure.web.BasicErrorController.errorHtml(javax.servlet.http.HttpServletRequest,javax.servlet.http.HttpServletResponse)
2020-01-11 16:38:12.981  INFO 6296 --- [main] o.s.w.s.handler.SimpleUrlHandlerMapping  : Mapped URL path [/webjars/**] onto handler of type [class org.springframework.web.servlet.resource.ResourceHttpRequestHandler]
2020-01-11 16:38:12.981  INFO 6296 --- [main] o.s.w.s.handler.SimpleUrlHandlerMapping  : Mapped URL path [/**] onto handler of type [class org.springframework.web.servlet.resource.ResourceHttpRequestHandler]
2020-01-11 16:38:13.020  INFO 6296 --- [main] o.s.w.s.handler.SimpleUrlHandlerMapping  : Mapped URL path [/**/favicon.ico] onto handler of type [class org.springframework.web.servlet.resource.ResourceHttpRequestHandler]
2020-01-11 16:38:13.780  INFO 6296 --- [main] o.s.j.e.a.AnnotationMBeanExporter        : Registering beans for JMX exposure on startup
2020-01-11 16:38:13.782  INFO 6296 --- [main] o.s.j.e.a.AnnotationMBeanExporter        : Bean with name 'dataSource' has been autodetected for JMX exposure
2020-01-11 16:38:13.787  INFO 6296 --- [main] o.s.j.e.a.AnnotationMBeanExporter        : Located MBean 'dataSource': registering with JMX server as MBean [com.alibaba.druid.pool:name=dataSource,type=DruidDataSource]
2020-01-11 16:38:13.794  INFO 6296 --- [main] s.a.ScheduledAnnotationBeanPostProcessor : No TaskScheduler/ScheduledExecutorService bean found for scheduled processing
2020-01-11 16:38:13.862  INFO 6296 --- [main] s.b.c.e.t.TomcatEmbeddedServletContainer : Tomcat started on port(s): 80 (http)
2020-01-11 16:38:13.873  INFO 6296 --- [main] com.kenick.Application                   : Started Application in 4.929 seconds (JVM running for 5.893)
2020-01-11 16:38:20.317  INFO 6296 --- [Thread-12] ationConfigEmbeddedWebApplicationContext : Closing org.springframework.boot.context.embedded.AnnotationConfigEmbeddedWebApplicationContext@4808bc9b: startup date [Sat Jan 11 16:38:10 CST 2020]; root of context hierarchy
2020-01-11 16:38:20.319  INFO 6296 --- [Thread-12] o.s.j.e.a.AnnotationMBeanExporter        : Unregistering JMX-exposed beans on shutdown
2020-01-11 16:38:20.320  INFO 6296 --- [Thread-12] o.s.j.e.a.AnnotationMBeanExporter        : Unregistering JMX-exposed beans
2020-01-11 17:19:51.246  INFO 10052 --- [main] com.kenick.log.LoggerTest                : Starting LoggerTest on pc-PC with PID 10052 (started by Administrator in E:\svn_workspace\SmartFinancialManager)
2020-01-11 17:19:51.247 DEBUG 10052 --- [main] com.kenick.log.LoggerTest                : Running with Spring Boot v1.5.6.RELEASE, Spring v4.3.10.RELEASE
2020-01-11 17:19:51.247  INFO 10052 --- [main] com.kenick.log.LoggerTest                : The following profiles are active: prod
2020-01-11 17:19:51.443  INFO 10052 --- [main] o.s.w.c.s.GenericWebApplicationContext   : Refreshing org.springframework.web.context.support.GenericWebApplicationContext@5b03b9fe: startup date [Sat Jan 11 17:19:51 CST 2020]; root of context hierarchy
2020-01-11 17:19:52.361  INFO 10052 --- [main] ptablePropertiesBeanFactoryPostProcessor : Post-processing PropertySource instances
2020-01-11 17:19:52.400  INFO 10052 --- [main] c.u.j.EncryptablePropertySourceConverter : Converting PropertySource Inlined Test Properties [org.springframework.core.env.MapPropertySource] to EncryptableMapPropertySourceWrapper
2020-01-11 17:19:52.402  INFO 10052 --- [main] c.u.j.EncryptablePropertySourceConverter : Converting PropertySource systemProperties [org.springframework.core.env.MapPropertySource] to EncryptableMapPropertySourceWrapper
2020-01-11 17:19:52.402  INFO 10052 --- [main] c.u.j.EncryptablePropertySourceConverter : Converting PropertySource systemEnvironment [org.springframework.core.env.SystemEnvironmentPropertySource] to EncryptableMapPropertySourceWrapper
2020-01-11 17:19:52.403  INFO 10052 --- [main] c.u.j.EncryptablePropertySourceConverter : Converting PropertySource random [org.springframework.boot.context.config.RandomValuePropertySource] to EncryptablePropertySourceWrapper
2020-01-11 17:19:52.403  INFO 10052 --- [main] c.u.j.EncryptablePropertySourceConverter : Converting PropertySource applicationConfig: [classpath:/application-prod.properties] [org.springframework.core.env.PropertiesPropertySource] to EncryptableMapPropertySourceWrapper
2020-01-11 17:19:52.403  INFO 10052 --- [main] c.u.j.EncryptablePropertySourceConverter : Converting PropertySource applicationConfig: [classpath:/application.properties] [org.springframework.core.env.PropertiesPropertySource] to EncryptableMapPropertySourceWrapper
2020-01-11 17:19:52.683  INFO 10052 --- [main] c.u.j.r.DefaultLazyPropertyResolver      : Property Resolver custom Bean not found with name 'encryptablePropertyResolver'. Initializing Default Property Resolver
2020-01-11 17:19:52.687  INFO 10052 --- [main] c.u.j.d.DefaultLazyPropertyDetector      : Property Detector custom Bean not found with name 'encryptablePropertyDetector'. Initializing Default Property Detector
2020-01-11 17:19:52.709  INFO 10052 --- [main] c.u.j.encryptor.DefaultLazyEncryptor     : String Encryptor custom Bean not found with name 'jasyptStringEncryptor'. Initializing Default String Encryptor
2020-01-11 17:19:52.726  INFO 10052 --- [main] c.u.j.encryptor.DefaultLazyEncryptor     : Encryptor config not found for property jasypt.encryptor.algorithm, using default value: PBEWithMD5AndDES
2020-01-11 17:19:52.726  INFO 10052 --- [main] c.u.j.encryptor.DefaultLazyEncryptor     : Encryptor config not found for property jasypt.encryptor.keyObtentionIterations, using default value: 1000
2020-01-11 17:19:52.726  INFO 10052 --- [main] c.u.j.encryptor.DefaultLazyEncryptor     : Encryptor config not found for property jasypt.encryptor.poolSize, using default value: 1
2020-01-11 17:19:52.727  INFO 10052 --- [main] c.u.j.encryptor.DefaultLazyEncryptor     : Encryptor config not found for property jasypt.encryptor.providerName, using default value: null
2020-01-11 17:19:52.727  INFO 10052 --- [main] c.u.j.encryptor.DefaultLazyEncryptor     : Encryptor config not found for property jasypt.encryptor.saltGeneratorClassname, using default value: org.jasypt.salt.RandomSaltGenerator
2020-01-11 17:19:52.734  INFO 10052 --- [main] c.u.j.encryptor.DefaultLazyEncryptor     : Encryptor config not found for property jasypt.encryptor.stringOutputType, using default value: base64
2020-01-11 17:19:53.747  INFO 10052 --- [main] s.w.s.m.m.a.RequestMappingHandlerAdapter : Looking for @ControllerAdvice: org.springframework.web.context.support.GenericWebApplicationContext@5b03b9fe: startup date [Sat Jan 11 17:19:51 CST 2020]; root of context hierarchy
2020-01-11 17:19:53.974  INFO 10052 --- [main] s.w.s.m.m.a.RequestMappingHandlerMapping : Mapped "{[/fund/index.html]}" onto public java.lang.String com.kenick.controller.FundController.index(java.lang.String,org.springframework.ui.Model)
2020-01-11 17:19:53.975  INFO 10052 --- [main] s.w.s.m.m.a.RequestMappingHandlerMapping : Mapped "{[/fund/queryfundinfolist]}" onto public java.lang.String com.kenick.controller.FundController.queryFundInfoList(java.lang.String)
2020-01-11 17:19:53.975  INFO 10052 --- [main] s.w.s.m.m.a.RequestMappingHandlerMapping : Mapped "{[/fund/queryuserfundlist]}" onto public java.lang.String com.kenick.controller.FundController.queryUserFundList(java.lang.String)
2020-01-11 17:19:53.975  INFO 10052 --- [main] s.w.s.m.m.a.RequestMappingHandlerMapping : Mapped "{[/hello],methods=[GET]}" onto public java.lang.String com.kenick.controller.HelloController.hello(org.springframework.ui.Model)
2020-01-11 17:19:53.976  INFO 10052 --- [main] s.w.s.m.m.a.RequestMappingHandlerMapping : Mapped "{[/]}" onto public java.lang.String com.kenick.controller.IndexController.index()
2020-01-11 17:19:53.977  INFO 10052 --- [main] s.w.s.m.m.a.RequestMappingHandlerMapping : Mapped "{[/user/addUser]}" onto public com.kenick.generate.bean.User com.kenick.controller.UserController.addUser(javax.servlet.http.HttpServletRequest,org.springframework.ui.Model)
2020-01-11 17:19:53.979  INFO 10052 --- [main] s.w.s.m.m.a.RequestMappingHandlerMapping : Mapped "{[/error]}" onto public org.springframework.http.ResponseEntity<java.util.Map<java.lang.String, java.lang.Object>> org.springframework.boot.autoconfigure.web.BasicErrorController.error(javax.servlet.http.HttpServletRequest)
2020-01-11 17:19:53.980  INFO 10052 --- [main] s.w.s.m.m.a.RequestMappingHandlerMapping : Mapped "{[/error],produces=[text/html]}" onto public org.springframework.web.servlet.ModelAndView org.springframework.boot.autoconfigure.web.BasicErrorController.errorHtml(javax.servlet.http.HttpServletRequest,javax.servlet.http.HttpServletResponse)
2020-01-11 17:19:54.004  INFO 10052 --- [main] o.s.w.s.handler.SimpleUrlHandlerMapping  : Mapped URL path [/webjars/**] onto handler of type [class org.springframework.web.servlet.resource.ResourceHttpRequestHandler]
2020-01-11 17:19:54.004  INFO 10052 --- [main] o.s.w.s.handler.SimpleUrlHandlerMapping  : Mapped URL path [/**] onto handler of type [class org.springframework.web.servlet.resource.ResourceHttpRequestHandler]
2020-01-11 17:19:54.035  INFO 10052 --- [main] o.s.w.s.handler.SimpleUrlHandlerMapping  : Mapped URL path [/**/favicon.ico] onto handler of type [class org.springframework.web.servlet.resource.ResourceHttpRequestHandler]
2020-01-11 17:19:54.529  INFO 10052 --- [main] s.a.ScheduledAnnotationBeanPostProcessor : No TaskScheduler/ScheduledExecutorService bean found for scheduled processing
2020-01-11 17:19:54.542  INFO 10052 --- [main] com.kenick.log.LoggerTest                : Started LoggerTest in 3.627 seconds (JVM running for 4.424)
2020-01-11 17:19:54.598 DEBUG 10052 --- [main] com.kenick.log.LoggerTest                : taskService:com.kenick.fund.service.impl.TaskServiceImpl@7b7683d4
2020-01-11 17:19:54.598 DEBUG 10052 --- [main] com.kenick.log.LoggerTest                : logger:Logger[com.kenick.log.LoggerTest]
2020-01-11 17:19:54.608  INFO 10052 --- [Thread-2] o.s.w.c.s.GenericWebApplicationContext   : Closing org.springframework.web.context.support.GenericWebApplicationContext@5b03b9fe: startup date [Sat Jan 11 17:19:51 CST 2020]; root of context hierarchy
2020-01-11 17:30:33.873  INFO 12336 --- [main] com.kenick.log.LoggerTest                : Starting LoggerTest on pc-PC with PID 12336 (started by Administrator in E:\svn_workspace\SmartFinancialManager)
2020-01-11 17:30:33.875 DEBUG 12336 --- [main] com.kenick.log.LoggerTest                : Running with Spring Boot v1.5.6.RELEASE, Spring v4.3.10.RELEASE
2020-01-11 17:30:33.875  INFO 12336 --- [main] com.kenick.log.LoggerTest                : The following profiles are active: prod
2020-01-11 17:30:34.183  INFO 12336 --- [main] o.s.w.c.s.GenericWebApplicationContext   : Refreshing org.springframework.web.context.support.GenericWebApplicationContext@5b03b9fe: startup date [Sat Jan 11 17:30:34 CST 2020]; root of context hierarchy
2020-01-11 17:30:35.006  INFO 12336 --- [main] ptablePropertiesBeanFactoryPostProcessor : Post-processing PropertySource instances
2020-01-11 17:30:35.057  INFO 12336 --- [main] c.u.j.EncryptablePropertySourceConverter : Converting PropertySource Inlined Test Properties [org.springframework.core.env.MapPropertySource] to EncryptableMapPropertySourceWrapper
2020-01-11 17:30:35.059  INFO 12336 --- [main] c.u.j.EncryptablePropertySourceConverter : Converting PropertySource systemProperties [org.springframework.core.env.MapPropertySource] to EncryptableMapPropertySourceWrapper
2020-01-11 17:30:35.059  INFO 12336 --- [main] c.u.j.EncryptablePropertySourceConverter : Converting PropertySource systemEnvironment [org.springframework.core.env.SystemEnvironmentPropertySource] to EncryptableMapPropertySourceWrapper
2020-01-11 17:30:35.059  INFO 12336 --- [main] c.u.j.EncryptablePropertySourceConverter : Converting PropertySource random [org.springframework.boot.context.config.RandomValuePropertySource] to EncryptablePropertySourceWrapper
2020-01-11 17:30:35.060  INFO 12336 --- [main] c.u.j.EncryptablePropertySourceConverter : Converting PropertySource applicationConfig: [classpath:/application-prod.properties] [org.springframework.core.env.PropertiesPropertySource] to EncryptableMapPropertySourceWrapper
2020-01-11 17:30:35.060  INFO 12336 --- [main] c.u.j.EncryptablePropertySourceConverter : Converting PropertySource applicationConfig: [classpath:/application.properties] [org.springframework.core.env.PropertiesPropertySource] to EncryptableMapPropertySourceWrapper
2020-01-11 17:30:35.354  INFO 12336 --- [main] c.u.j.r.DefaultLazyPropertyResolver      : Property Resolver custom Bean not found with name 'encryptablePropertyResolver'. Initializing Default Property Resolver
2020-01-11 17:30:35.357  INFO 12336 --- [main] c.u.j.d.DefaultLazyPropertyDetector      : Property Detector custom Bean not found with name 'encryptablePropertyDetector'. Initializing Default Property Detector
2020-01-11 17:30:35.400  INFO 12336 --- [main] c.u.j.encryptor.DefaultLazyEncryptor     : String Encryptor custom Bean not found with name 'jasyptStringEncryptor'. Initializing Default String Encryptor
2020-01-11 17:30:35.409  INFO 12336 --- [main] c.u.j.encryptor.DefaultLazyEncryptor     : Encryptor config not found for property jasypt.encryptor.algorithm, using default value: PBEWithMD5AndDES
2020-01-11 17:30:35.409  INFO 12336 --- [main] c.u.j.encryptor.DefaultLazyEncryptor     : Encryptor config not found for property jasypt.encryptor.keyObtentionIterations, using default value: 1000
2020-01-11 17:30:35.410  INFO 12336 --- [main] c.u.j.encryptor.DefaultLazyEncryptor     : Encryptor config not found for property jasypt.encryptor.poolSize, using default value: 1
2020-01-11 17:30:35.410  INFO 12336 --- [main] c.u.j.encryptor.DefaultLazyEncryptor     : Encryptor config not found for property jasypt.encryptor.providerName, using default value: null
2020-01-11 17:30:35.410  INFO 12336 --- [main] c.u.j.encryptor.DefaultLazyEncryptor     : Encryptor config not found for property jasypt.encryptor.saltGeneratorClassname, using default value: org.jasypt.salt.RandomSaltGenerator
2020-01-11 17:30:35.417  INFO 12336 --- [main] c.u.j.encryptor.DefaultLazyEncryptor     : Encryptor config not found for property jasypt.encryptor.stringOutputType, using default value: base64
2020-01-11 17:30:36.399  INFO 12336 --- [main] s.w.s.m.m.a.RequestMappingHandlerAdapter : Looking for @ControllerAdvice: org.springframework.web.context.support.GenericWebApplicationContext@5b03b9fe: startup date [Sat Jan 11 17:30:34 CST 2020]; root of context hierarchy
2020-01-11 17:30:36.548  INFO 12336 --- [main] s.w.s.m.m.a.RequestMappingHandlerMapping : Mapped "{[/fund/index.html]}" onto public java.lang.String com.kenick.controller.FundController.index(java.lang.String,org.springframework.ui.Model)
2020-01-11 17:30:36.549  INFO 12336 --- [main] s.w.s.m.m.a.RequestMappingHandlerMapping : Mapped "{[/fund/queryfundinfolist]}" onto public java.lang.String com.kenick.controller.FundController.queryFundInfoList(java.lang.String)
2020-01-11 17:30:36.550  INFO 12336 --- [main] s.w.s.m.m.a.RequestMappingHandlerMapping : Mapped "{[/fund/queryuserfundlist]}" onto public java.lang.String com.kenick.controller.FundController.queryUserFundList(java.lang.String)
2020-01-11 17:30:36.550  INFO 12336 --- [main] s.w.s.m.m.a.RequestMappingHandlerMapping : Mapped "{[/hello],methods=[GET]}" onto public java.lang.String com.kenick.controller.HelloController.hello(org.springframework.ui.Model)
2020-01-11 17:30:36.551  INFO 12336 --- [main] s.w.s.m.m.a.RequestMappingHandlerMapping : Mapped "{[/]}" onto public java.lang.String com.kenick.controller.IndexController.index()
2020-01-11 17:30:36.551  INFO 12336 --- [main] s.w.s.m.m.a.RequestMappingHandlerMapping : Mapped "{[/user/addUser]}" onto public com.kenick.generate.bean.User com.kenick.controller.UserController.addUser(javax.servlet.http.HttpServletRequest,org.springframework.ui.Model)
2020-01-11 17:30:36.553  INFO 12336 --- [main] s.w.s.m.m.a.RequestMappingHandlerMapping : Mapped "{[/error]}" onto public org.springframework.http.ResponseEntity<java.util.Map<java.lang.String, java.lang.Object>> org.springframework.boot.autoconfigure.web.BasicErrorController.error(javax.servlet.http.HttpServletRequest)
2020-01-11 17:30:36.554  INFO 12336 --- [main] s.w.s.m.m.a.RequestMappingHandlerMapping : Mapped "{[/error],produces=[text/html]}" onto public org.springframework.web.servlet.ModelAndView org.springframework.boot.autoconfigure.web.BasicErrorController.errorHtml(javax.servlet.http.HttpServletRequest,javax.servlet.http.HttpServletResponse)
2020-01-11 17:30:36.580  INFO 12336 --- [main] o.s.w.s.handler.SimpleUrlHandlerMapping  : Mapped URL path [/webjars/**] onto handler of type [class org.springframework.web.servlet.resource.ResourceHttpRequestHandler]
2020-01-11 17:30:36.580  INFO 12336 --- [main] o.s.w.s.handler.SimpleUrlHandlerMapping  : Mapped URL path [/**] onto handler of type [class org.springframework.web.servlet.resource.ResourceHttpRequestHandler]
2020-01-11 17:30:36.621  INFO 12336 --- [main] o.s.w.s.handler.SimpleUrlHandlerMapping  : Mapped URL path [/**/favicon.ico] onto handler of type [class org.springframework.web.servlet.resource.ResourceHttpRequestHandler]
2020-01-11 17:30:37.192  INFO 12336 --- [main] s.a.ScheduledAnnotationBeanPostProcessor : No TaskScheduler/ScheduledExecutorService bean found for scheduled processing
2020-01-11 17:30:37.204  INFO 12336 --- [main] com.kenick.log.LoggerTest                : Started LoggerTest in 3.607 seconds (JVM running for 4.207)
2020-01-11 17:30:37.244 DEBUG 12336 --- [main] com.kenick.log.LoggerTest                : taskService:com.kenick.fund.service.impl.TaskServiceImpl@2c58dcb1
2020-01-11 17:30:37.245 DEBUG 12336 --- [main] com.kenick.log.LoggerTest                : logger:Logger[com.kenick.log.LoggerTest]
2020-01-11 17:30:37.253  INFO 12336 --- [Thread-2] o.s.w.c.s.GenericWebApplicationContext   : Closing org.springframework.web.context.support.GenericWebApplicationContext@5b03b9fe: startup date [Sat Jan 11 17:30:34 CST 2020]; root of context hierarchy
2020-01-11 17:31:10.715  INFO 9728 --- [main] com.kenick.log.LoggerTest                : Starting LoggerTest on pc-PC with PID 9728 (started by Administrator in E:\svn_workspace\SmartFinancialManager)
2020-01-11 17:31:10.716 DEBUG 9728 --- [main] com.kenick.log.LoggerTest                : Running with Spring Boot v1.5.6.RELEASE, Spring v4.3.10.RELEASE
2020-01-11 17:31:10.716  INFO 9728 --- [main] com.kenick.log.LoggerTest                : The following profiles are active: prod
2020-01-11 17:31:10.918  INFO 9728 --- [main] o.s.w.c.s.GenericWebApplicationContext   : Refreshing org.springframework.web.context.support.GenericWebApplicationContext@5b03b9fe: startup date [Sat Jan 11 17:31:10 CST 2020]; root of context hierarchy
2020-01-11 17:31:11.770  INFO 9728 --- [main] ptablePropertiesBeanFactoryPostProcessor : Post-processing PropertySource instances
2020-01-11 17:31:11.815  INFO 9728 --- [main] c.u.j.EncryptablePropertySourceConverter : Converting PropertySource Inlined Test Properties [org.springframework.core.env.MapPropertySource] to EncryptableMapPropertySourceWrapper
2020-01-11 17:31:11.817  INFO 9728 --- [main] c.u.j.EncryptablePropertySourceConverter : Converting PropertySource systemProperties [org.springframework.core.env.MapPropertySource] to EncryptableMapPropertySourceWrapper
2020-01-11 17:31:11.817  INFO 9728 --- [main] c.u.j.EncryptablePropertySourceConverter : Converting PropertySource systemEnvironment [org.springframework.core.env.SystemEnvironmentPropertySource] to EncryptableMapPropertySourceWrapper
2020-01-11 17:31:11.818  INFO 9728 --- [main] c.u.j.EncryptablePropertySourceConverter : Converting PropertySource random [org.springframework.boot.context.config.RandomValuePropertySource] to EncryptablePropertySourceWrapper
2020-01-11 17:31:11.818  INFO 9728 --- [main] c.u.j.EncryptablePropertySourceConverter : Converting PropertySource applicationConfig: [classpath:/application-prod.properties] [org.springframework.core.env.PropertiesPropertySource] to EncryptableMapPropertySourceWrapper
2020-01-11 17:31:11.818  INFO 9728 --- [main] c.u.j.EncryptablePropertySourceConverter : Converting PropertySource applicationConfig: [classpath:/application.properties] [org.springframework.core.env.PropertiesPropertySource] to EncryptableMapPropertySourceWrapper
2020-01-11 17:31:12.179  INFO 9728 --- [main] c.u.j.r.DefaultLazyPropertyResolver      : Property Resolver custom Bean not found with name 'encryptablePropertyResolver'. Initializing Default Property Resolver
2020-01-11 17:31:12.183  INFO 9728 --- [main] c.u.j.d.DefaultLazyPropertyDetector      : Property Detector custom Bean not found with name 'encryptablePropertyDetector'. Initializing Default Property Detector
2020-01-11 17:31:12.218  INFO 9728 --- [main] c.u.j.encryptor.DefaultLazyEncryptor     : String Encryptor custom Bean not found with name 'jasyptStringEncryptor'. Initializing Default String Encryptor
2020-01-11 17:31:12.228  INFO 9728 --- [main] c.u.j.encryptor.DefaultLazyEncryptor     : Encryptor config not found for property jasypt.encryptor.algorithm, using default value: PBEWithMD5AndDES
2020-01-11 17:31:12.229  INFO 9728 --- [main] c.u.j.encryptor.DefaultLazyEncryptor     : Encryptor config not found for property jasypt.encryptor.keyObtentionIterations, using default value: 1000
2020-01-11 17:31:12.229  INFO 9728 --- [main] c.u.j.encryptor.DefaultLazyEncryptor     : Encryptor config not found for property jasypt.encryptor.poolSize, using default value: 1
2020-01-11 17:31:12.229  INFO 9728 --- [main] c.u.j.encryptor.DefaultLazyEncryptor     : Encryptor config not found for property jasypt.encryptor.providerName, using default value: null
2020-01-11 17:31:12.229  INFO 9728 --- [main] c.u.j.encryptor.DefaultLazyEncryptor     : Encryptor config not found for property jasypt.encryptor.saltGeneratorClassname, using default value: org.jasypt.salt.RandomSaltGenerator
2020-01-11 17:31:12.235  INFO 9728 --- [main] c.u.j.encryptor.DefaultLazyEncryptor     : Encryptor config not found for property jasypt.encryptor.stringOutputType, using default value: base64
2020-01-11 17:31:13.284  INFO 9728 --- [main] s.w.s.m.m.a.RequestMappingHandlerAdapter : Looking for @ControllerAdvice: org.springframework.web.context.support.GenericWebApplicationContext@5b03b9fe: startup date [Sat Jan 11 17:31:10 CST 2020]; root of context hierarchy
2020-01-11 17:31:13.410  INFO 9728 --- [main] s.w.s.m.m.a.RequestMappingHandlerMapping : Mapped "{[/fund/index.html]}" onto public java.lang.String com.kenick.controller.FundController.index(java.lang.String,org.springframework.ui.Model)
2020-01-11 17:31:13.411  INFO 9728 --- [main] s.w.s.m.m.a.RequestMappingHandlerMapping : Mapped "{[/fund/queryfundinfolist]}" onto public java.lang.String com.kenick.controller.FundController.queryFundInfoList(java.lang.String)
2020-01-11 17:31:13.413  INFO 9728 --- [main] s.w.s.m.m.a.RequestMappingHandlerMapping : Mapped "{[/fund/queryuserfundlist]}" onto public java.lang.String com.kenick.controller.FundController.queryUserFundList(java.lang.String)
2020-01-11 17:31:13.413  INFO 9728 --- [main] s.w.s.m.m.a.RequestMappingHandlerMapping : Mapped "{[/hello],methods=[GET]}" onto public java.lang.String com.kenick.controller.HelloController.hello(org.springframework.ui.Model)
2020-01-11 17:31:13.414  INFO 9728 --- [main] s.w.s.m.m.a.RequestMappingHandlerMapping : Mapped "{[/]}" onto public java.lang.String com.kenick.controller.IndexController.index()
2020-01-11 17:31:13.414  INFO 9728 --- [main] s.w.s.m.m.a.RequestMappingHandlerMapping : Mapped "{[/user/addUser]}" onto public com.kenick.generate.bean.User com.kenick.controller.UserController.addUser(javax.servlet.http.HttpServletRequest,org.springframework.ui.Model)
2020-01-11 17:31:13.416  INFO 9728 --- [main] s.w.s.m.m.a.RequestMappingHandlerMapping : Mapped "{[/error]}" onto public org.springframework.http.ResponseEntity<java.util.Map<java.lang.String, java.lang.Object>> org.springframework.boot.autoconfigure.web.BasicErrorController.error(javax.servlet.http.HttpServletRequest)
2020-01-11 17:31:13.416  INFO 9728 --- [main] s.w.s.m.m.a.RequestMappingHandlerMapping : Mapped "{[/error],produces=[text/html]}" onto public org.springframework.web.servlet.ModelAndView org.springframework.boot.autoconfigure.web.BasicErrorController.errorHtml(javax.servlet.http.HttpServletRequest,javax.servlet.http.HttpServletResponse)
2020-01-11 17:31:13.440  INFO 9728 --- [main] o.s.w.s.handler.SimpleUrlHandlerMapping  : Mapped URL path [/webjars/**] onto handler of type [class org.springframework.web.servlet.resource.ResourceHttpRequestHandler]
2020-01-11 17:31:13.441  INFO 9728 --- [main] o.s.w.s.handler.SimpleUrlHandlerMapping  : Mapped URL path [/**] onto handler of type [class org.springframework.web.servlet.resource.ResourceHttpRequestHandler]
2020-01-11 17:31:13.475  INFO 9728 --- [main] o.s.w.s.handler.SimpleUrlHandlerMapping  : Mapped URL path [/**/favicon.ico] onto handler of type [class org.springframework.web.servlet.resource.ResourceHttpRequestHandler]
2020-01-11 17:31:13.984  INFO 9728 --- [main] s.a.ScheduledAnnotationBeanPostProcessor : No TaskScheduler/ScheduledExecutorService bean found for scheduled processing
2020-01-11 17:31:13.994  INFO 9728 --- [main] com.kenick.log.LoggerTest                : Started LoggerTest in 3.685 seconds (JVM running for 4.301)
2020-01-11 17:31:14.031 DEBUG 9728 --- [main] com.kenick.log.LoggerTest                : taskService:com.kenick.fund.service.impl.TaskServiceImpl@7b7683d4
2020-01-11 17:31:14.032 DEBUG 9728 --- [main] com.kenick.log.LoggerTest                : logger:Logger[com.kenick.log.LoggerTest]
2020-01-11 17:31:14.040  INFO 9728 --- [Thread-2] o.s.w.c.s.GenericWebApplicationContext   : Closing org.springframework.web.context.support.GenericWebApplicationContext@5b03b9fe: startup date [Sat Jan 11 17:31:10 CST 2020]; root of context hierarchy
2020-01-11 17:34:36.087  INFO 3380 --- [main] com.kenick.log.LoggerTest                : Starting LoggerTest on pc-PC with PID 3380 (started by Administrator in E:\svn_workspace\SmartFinancialManager)
2020-01-11 17:34:36.088 DEBUG 3380 --- [main] com.kenick.log.LoggerTest                : Running with Spring Boot v1.5.6.RELEASE, Spring v4.3.10.RELEASE
2020-01-11 17:34:36.088  INFO 3380 --- [main] com.kenick.log.LoggerTest                : The following profiles are active: prod
2020-01-11 17:34:36.265  INFO 3380 --- [main] o.s.w.c.s.GenericWebApplicationContext   : Refreshing org.springframework.web.context.support.GenericWebApplicationContext@5b03b9fe: startup date [Sat Jan 11 17:34:36 CST 2020]; root of context hierarchy
2020-01-11 17:34:37.239  INFO 3380 --- [main] ptablePropertiesBeanFactoryPostProcessor : Post-processing PropertySource instances
2020-01-11 17:34:37.292  INFO 3380 --- [main] c.u.j.EncryptablePropertySourceConverter : Converting PropertySource Inlined Test Properties [org.springframework.core.env.MapPropertySource] to EncryptableMapPropertySourceWrapper
2020-01-11 17:34:37.294  INFO 3380 --- [main] c.u.j.EncryptablePropertySourceConverter : Converting PropertySource systemProperties [org.springframework.core.env.MapPropertySource] to EncryptableMapPropertySourceWrapper
2020-01-11 17:34:37.294  INFO 3380 --- [main] c.u.j.EncryptablePropertySourceConverter : Converting PropertySource systemEnvironment [org.springframework.core.env.SystemEnvironmentPropertySource] to EncryptableMapPropertySourceWrapper
2020-01-11 17:34:37.295  INFO 3380 --- [main] c.u.j.EncryptablePropertySourceConverter : Converting PropertySource random [org.springframework.boot.context.config.RandomValuePropertySource] to EncryptablePropertySourceWrapper
2020-01-11 17:34:37.295  INFO 3380 --- [main] c.u.j.EncryptablePropertySourceConverter : Converting PropertySource applicationConfig: [classpath:/application-prod.properties] [org.springframework.core.env.PropertiesPropertySource] to EncryptableMapPropertySourceWrapper
2020-01-11 17:34:37.295  INFO 3380 --- [main] c.u.j.EncryptablePropertySourceConverter : Converting PropertySource applicationConfig: [classpath:/application.properties] [org.springframework.core.env.PropertiesPropertySource] to EncryptableMapPropertySourceWrapper
2020-01-11 17:34:37.606  INFO 3380 --- [main] c.u.j.r.DefaultLazyPropertyResolver      : Property Resolver custom Bean not found with name 'encryptablePropertyResolver'. Initializing Default Property Resolver
2020-01-11 17:34:37.608  INFO 3380 --- [main] c.u.j.d.DefaultLazyPropertyDetector      : Property Detector custom Bean not found with name 'encryptablePropertyDetector'. Initializing Default Property Detector
2020-01-11 17:34:37.640  INFO 3380 --- [main] c.u.j.encryptor.DefaultLazyEncryptor     : String Encryptor custom Bean not found with name 'jasyptStringEncryptor'. Initializing Default String Encryptor
2020-01-11 17:34:37.649  INFO 3380 --- [main] c.u.j.encryptor.DefaultLazyEncryptor     : Encryptor config not found for property jasypt.encryptor.algorithm, using default value: PBEWithMD5AndDES
2020-01-11 17:34:37.649  INFO 3380 --- [main] c.u.j.encryptor.DefaultLazyEncryptor     : Encryptor config not found for property jasypt.encryptor.keyObtentionIterations, using default value: 1000
2020-01-11 17:34:37.649  INFO 3380 --- [main] c.u.j.encryptor.DefaultLazyEncryptor     : Encryptor config not found for property jasypt.encryptor.poolSize, using default value: 1
2020-01-11 17:34:37.649  INFO 3380 --- [main] c.u.j.encryptor.DefaultLazyEncryptor     : Encryptor config not found for property jasypt.encryptor.providerName, using default value: null
2020-01-11 17:34:37.649  INFO 3380 --- [main] c.u.j.encryptor.DefaultLazyEncryptor     : Encryptor config not found for property jasypt.encryptor.saltGeneratorClassname, using default value: org.jasypt.salt.RandomSaltGenerator
2020-01-11 17:34:37.655  INFO 3380 --- [main] c.u.j.encryptor.DefaultLazyEncryptor     : Encryptor config not found for property jasypt.encryptor.stringOutputType, using default value: base64
2020-01-11 17:34:38.671  INFO 3380 --- [main] s.w.s.m.m.a.RequestMappingHandlerAdapter : Looking for @ControllerAdvice: org.springframework.web.context.support.GenericWebApplicationContext@5b03b9fe: startup date [Sat Jan 11 17:34:36 CST 2020]; root of context hierarchy
2020-01-11 17:34:38.810  INFO 3380 --- [main] s.w.s.m.m.a.RequestMappingHandlerMapping : Mapped "{[/fund/index.html]}" onto public java.lang.String com.kenick.controller.FundController.index(java.lang.String,org.springframework.ui.Model)
2020-01-11 17:34:38.812  INFO 3380 --- [main] s.w.s.m.m.a.RequestMappingHandlerMapping : Mapped "{[/fund/queryfundinfolist]}" onto public java.lang.String com.kenick.controller.FundController.queryFundInfoList(java.lang.String)
2020-01-11 17:34:38.812  INFO 3380 --- [main] s.w.s.m.m.a.RequestMappingHandlerMapping : Mapped "{[/fund/queryuserfundlist]}" onto public java.lang.String com.kenick.controller.FundController.queryUserFundList(java.lang.String)
2020-01-11 17:34:38.812  INFO 3380 --- [main] s.w.s.m.m.a.RequestMappingHandlerMapping : Mapped "{[/hello],methods=[GET]}" onto public java.lang.String com.kenick.controller.HelloController.hello(org.springframework.ui.Model)
2020-01-11 17:34:38.813  INFO 3380 --- [main] s.w.s.m.m.a.RequestMappingHandlerMapping : Mapped "{[/]}" onto public java.lang.String com.kenick.controller.IndexController.index()
2020-01-11 17:34:38.814  INFO 3380 --- [main] s.w.s.m.m.a.RequestMappingHandlerMapping : Mapped "{[/user/addUser]}" onto public com.kenick.generate.bean.User com.kenick.controller.UserController.addUser(javax.servlet.http.HttpServletRequest,org.springframework.ui.Model)
2020-01-11 17:34:38.818  INFO 3380 --- [main] s.w.s.m.m.a.RequestMappingHandlerMapping : Mapped "{[/error]}" onto public org.springframework.http.ResponseEntity<java.util.Map<java.lang.String, java.lang.Object>> org.springframework.boot.autoconfigure.web.BasicErrorController.error(javax.servlet.http.HttpServletRequest)
2020-01-11 17:34:38.820  INFO 3380 --- [main] s.w.s.m.m.a.RequestMappingHandlerMapping : Mapped "{[/error],produces=[text/html]}" onto public org.springframework.web.servlet.ModelAndView org.springframework.boot.autoconfigure.web.BasicErrorController.errorHtml(javax.servlet.http.HttpServletRequest,javax.servlet.http.HttpServletResponse)
2020-01-11 17:34:38.843  INFO 3380 --- [main] o.s.w.s.handler.SimpleUrlHandlerMapping  : Mapped URL path [/webjars/**] onto handler of type [class org.springframework.web.servlet.resource.ResourceHttpRequestHandler]
2020-01-11 17:34:38.843  INFO 3380 --- [main] o.s.w.s.handler.SimpleUrlHandlerMapping  : Mapped URL path [/**] onto handler of type [class org.springframework.web.servlet.resource.ResourceHttpRequestHandler]
2020-01-11 17:34:38.876  INFO 3380 --- [main] o.s.w.s.handler.SimpleUrlHandlerMapping  : Mapped URL path [/**/favicon.ico] onto handler of type [class org.springframework.web.servlet.resource.ResourceHttpRequestHandler]
2020-01-11 17:34:39.395  INFO 3380 --- [main] s.a.ScheduledAnnotationBeanPostProcessor : No TaskScheduler/ScheduledExecutorService bean found for scheduled processing
2020-01-11 17:34:39.410  INFO 3380 --- [main] com.kenick.log.LoggerTest                : Started LoggerTest in 3.632 seconds (JVM running for 4.508)
2020-01-11 17:34:39.453 DEBUG 3380 --- [main] com.kenick.log.LoggerTest                : taskService:com.kenick.fund.service.impl.TaskServiceImpl@7b7683d4
2020-01-11 17:34:39.453 DEBUG 3380 --- [main] com.kenick.log.LoggerTest                : logger:Logger[com.kenick.log.LoggerTest]
2020-01-11 17:34:39.463  INFO 3380 --- [Thread-2] o.s.w.c.s.GenericWebApplicationContext   : Closing org.springframework.web.context.support.GenericWebApplicationContext@5b03b9fe: startup date [Sat Jan 11 17:34:36 CST 2020]; root of context hierarchy
2020-01-21 12:00:51.258  INFO 16344 --- [main] com.kenick.log.LoggerTest                : Starting LoggerTest on pc-PC with PID 16344 (started by Administrator in E:\svn_workspace\SmartFinancialManager)
2020-01-21 12:00:51.280 DEBUG 16344 --- [main] com.kenick.log.LoggerTest                : Running with Spring Boot v1.5.6.RELEASE, Spring v4.3.10.RELEASE
2020-01-21 12:00:51.281  INFO 16344 --- [main] com.kenick.log.LoggerTest                : The following profiles are active: prod
2020-01-21 12:00:51.653  INFO 16344 --- [main] o.s.w.c.s.GenericWebApplicationContext   : Refreshing org.springframework.web.context.support.GenericWebApplicationContext@5b03b9fe: startup date [Tue Jan 21 12:00:51 CST 2020]; root of context hierarchy
2020-01-21 12:00:53.428  INFO 16344 --- [main] ptablePropertiesBeanFactoryPostProcessor : Post-processing PropertySource instances
2020-01-21 12:00:53.516  INFO 16344 --- [main] c.u.j.EncryptablePropertySourceConverter : Converting PropertySource Inlined Test Properties [org.springframework.core.env.MapPropertySource] to EncryptableMapPropertySourceWrapper
2020-01-21 12:00:53.518  INFO 16344 --- [main] c.u.j.EncryptablePropertySourceConverter : Converting PropertySource systemProperties [org.springframework.core.env.MapPropertySource] to EncryptableMapPropertySourceWrapper
2020-01-21 12:00:53.518  INFO 16344 --- [main] c.u.j.EncryptablePropertySourceConverter : Converting PropertySource systemEnvironment [org.springframework.core.env.SystemEnvironmentPropertySource] to EncryptableMapPropertySourceWrapper
2020-01-21 12:00:53.518  INFO 16344 --- [main] c.u.j.EncryptablePropertySourceConverter : Converting PropertySource random [org.springframework.boot.context.config.RandomValuePropertySource] to EncryptablePropertySourceWrapper
2020-01-21 12:00:53.518  INFO 16344 --- [main] c.u.j.EncryptablePropertySourceConverter : Converting PropertySource applicationConfig: [classpath:/application-prod.properties] [org.springframework.core.env.PropertiesPropertySource] to EncryptableMapPropertySourceWrapper
2020-01-21 12:00:53.519  INFO 16344 --- [main] c.u.j.EncryptablePropertySourceConverter : Converting PropertySource applicationConfig: [classpath:/application.properties] [org.springframework.core.env.PropertiesPropertySource] to EncryptableMapPropertySourceWrapper
2020-01-21 12:00:53.961  INFO 16344 --- [main] c.u.j.r.DefaultLazyPropertyResolver      : Property Resolver custom Bean not found with name 'encryptablePropertyResolver'. Initializing Default Property Resolver
2020-01-21 12:00:53.965  INFO 16344 --- [main] c.u.j.d.DefaultLazyPropertyDetector      : Property Detector custom Bean not found with name 'encryptablePropertyDetector'. Initializing Default Property Detector
2020-01-21 12:00:54.016  INFO 16344 --- [main] c.u.j.encryptor.DefaultLazyEncryptor     : String Encryptor custom Bean not found with name 'jasyptStringEncryptor'. Initializing Default String Encryptor
2020-01-21 12:00:54.029  INFO 16344 --- [main] c.u.j.encryptor.DefaultLazyEncryptor     : Encryptor config not found for property jasypt.encryptor.algorithm, using default value: PBEWithMD5AndDES
2020-01-21 12:00:54.030  INFO 16344 --- [main] c.u.j.encryptor.DefaultLazyEncryptor     : Encryptor config not found for property jasypt.encryptor.keyObtentionIterations, using default value: 1000
2020-01-21 12:00:54.030  INFO 16344 --- [main] c.u.j.encryptor.DefaultLazyEncryptor     : Encryptor config not found for property jasypt.encryptor.poolSize, using default value: 1
2020-01-21 12:00:54.031  INFO 16344 --- [main] c.u.j.encryptor.DefaultLazyEncryptor     : Encryptor config not found for property jasypt.encryptor.providerName, using default value: null
2020-01-21 12:00:54.031  INFO 16344 --- [main] c.u.j.encryptor.DefaultLazyEncryptor     : Encryptor config not found for property jasypt.encryptor.saltGeneratorClassname, using default value: org.jasypt.salt.RandomSaltGenerator
2020-01-21 12:00:54.065  INFO 16344 --- [main] c.u.j.encryptor.DefaultLazyEncryptor     : Encryptor config not found for property jasypt.encryptor.stringOutputType, using default value: base64
2020-01-21 12:00:56.112  INFO 16344 --- [main] s.w.s.m.m.a.RequestMappingHandlerAdapter : Looking for @ControllerAdvice: org.springframework.web.context.support.GenericWebApplicationContext@5b03b9fe: startup date [Tue Jan 21 12:00:51 CST 2020]; root of context hierarchy
2020-01-21 12:00:56.361  INFO 16344 --- [main] s.w.s.m.m.a.RequestMappingHandlerMapping : Mapped "{[/fund/index.html]}" onto public java.lang.String com.kenick.controller.FundController.index(java.lang.String,org.springframework.ui.Model)
2020-01-21 12:00:56.365  INFO 16344 --- [main] s.w.s.m.m.a.RequestMappingHandlerMapping : Mapped "{[/fund/queryfundinfolist]}" onto public java.lang.String com.kenick.controller.FundController.queryFundInfoList(java.lang.String)
2020-01-21 12:00:56.366  INFO 16344 --- [main] s.w.s.m.m.a.RequestMappingHandlerMapping : Mapped "{[/fund/queryuserfundlist]}" onto public java.lang.String com.kenick.controller.FundController.queryUserFundList(java.lang.String)
2020-01-21 12:00:56.366  INFO 16344 --- [main] s.w.s.m.m.a.RequestMappingHandlerMapping : Mapped "{[/hello],methods=[GET]}" onto public java.lang.String com.kenick.controller.HelloController.hello(org.springframework.ui.Model)
2020-01-21 12:00:56.367  INFO 16344 --- [main] s.w.s.m.m.a.RequestMappingHandlerMapping : Mapped "{[/]}" onto public java.lang.String com.kenick.controller.IndexController.index()
2020-01-21 12:00:56.367  INFO 16344 --- [main] s.w.s.m.m.a.RequestMappingHandlerMapping : Mapped "{[/user/addUser]}" onto public com.kenick.generate.bean.User com.kenick.controller.UserController.addUser(javax.servlet.http.HttpServletRequest,org.springframework.ui.Model)
2020-01-21 12:00:56.371  INFO 16344 --- [main] s.w.s.m.m.a.RequestMappingHandlerMapping : Mapped "{[/error]}" onto public org.springframework.http.ResponseEntity<java.util.Map<java.lang.String, java.lang.Object>> org.springframework.boot.autoconfigure.web.BasicErrorController.error(javax.servlet.http.HttpServletRequest)
2020-01-21 12:00:56.372  INFO 16344 --- [main] s.w.s.m.m.a.RequestMappingHandlerMapping : Mapped "{[/error],produces=[text/html]}" onto public org.springframework.web.servlet.ModelAndView org.springframework.boot.autoconfigure.web.BasicErrorController.errorHtml(javax.servlet.http.HttpServletRequest,javax.servlet.http.HttpServletResponse)
2020-01-21 12:00:56.407  INFO 16344 --- [main] o.s.w.s.handler.SimpleUrlHandlerMapping  : Mapped URL path [/webjars/**] onto handler of type [class org.springframework.web.servlet.resource.ResourceHttpRequestHandler]
2020-01-21 12:00:56.407  INFO 16344 --- [main] o.s.w.s.handler.SimpleUrlHandlerMapping  : Mapped URL path [/**] onto handler of type [class org.springframework.web.servlet.resource.ResourceHttpRequestHandler]
2020-01-21 12:00:56.449  INFO 16344 --- [main] o.s.w.s.handler.SimpleUrlHandlerMapping  : Mapped URL path [/**/favicon.ico] onto handler of type [class org.springframework.web.servlet.resource.ResourceHttpRequestHandler]
2020-01-21 12:00:57.126  INFO 16344 --- [main] s.a.ScheduledAnnotationBeanPostProcessor : No TaskScheduler/ScheduledExecutorService bean found for scheduled processing
2020-01-21 12:00:57.173  INFO 16344 --- [main] com.kenick.log.LoggerTest                : Started LoggerTest in 6.446 seconds (JVM running for 7.456)
2020-01-21 12:00:57.263 DEBUG 16344 --- [main] com.kenick.log.LoggerTest                : taskService:com.kenick.fund.service.impl.TaskServiceImpl@639aba11
2020-01-21 12:00:57.264 DEBUG 16344 --- [main] com.kenick.log.LoggerTest                : logger:Logger[com.kenick.log.LoggerTest]
2020-01-21 12:00:57.284  INFO 16344 --- [Thread-2] o.s.w.c.s.GenericWebApplicationContext   : Closing org.springframework.web.context.support.GenericWebApplicationContext@5b03b9fe: startup date [Tue Jan 21 12:00:51 CST 2020]; root of context hierarchy
2020-01-21 12:35:37.883  INFO 15876 --- [main] com.kenick.log.LoggerTest                : Starting LoggerTest on pc-PC with PID 15876 (started by Administrator in E:\svn_workspace\SmartFinancialManager)
2020-01-21 12:35:37.907 DEBUG 15876 --- [main] com.kenick.log.LoggerTest                : Running with Spring Boot v1.5.6.RELEASE, Spring v4.3.10.RELEASE
2020-01-21 12:35:37.908  INFO 15876 --- [main] com.kenick.log.LoggerTest                : The following profiles are active: prod
2020-01-21 12:35:38.262  INFO 15876 --- [main] o.s.w.c.s.GenericWebApplicationContext   : Refreshing org.springframework.web.context.support.GenericWebApplicationContext@5b03b9fe: startup date [Tue Jan 21 12:35:38 CST 2020]; root of context hierarchy
2020-01-21 12:35:39.837  INFO 15876 --- [main] ptablePropertiesBeanFactoryPostProcessor : Post-processing PropertySource instances
2020-01-21 12:35:39.931  INFO 15876 --- [main] c.u.j.EncryptablePropertySourceConverter : Converting PropertySource Inlined Test Properties [org.springframework.core.env.MapPropertySource] to EncryptableMapPropertySourceWrapper
2020-01-21 12:35:39.933  INFO 15876 --- [main] c.u.j.EncryptablePropertySourceConverter : Converting PropertySource systemProperties [org.springframework.core.env.MapPropertySource] to EncryptableMapPropertySourceWrapper
2020-01-21 12:35:39.933  INFO 15876 --- [main] c.u.j.EncryptablePropertySourceConverter : Converting PropertySource systemEnvironment [org.springframework.core.env.SystemEnvironmentPropertySource] to EncryptableMapPropertySourceWrapper
2020-01-21 12:35:39.934  INFO 15876 --- [main] c.u.j.EncryptablePropertySourceConverter : Converting PropertySource random [org.springframework.boot.context.config.RandomValuePropertySource] to EncryptablePropertySourceWrapper
2020-01-21 12:35:39.934  INFO 15876 --- [main] c.u.j.EncryptablePropertySourceConverter : Converting PropertySource applicationConfig: [classpath:/application-prod.properties] [org.springframework.core.env.PropertiesPropertySource] to EncryptableMapPropertySourceWrapper
2020-01-21 12:35:39.934  INFO 15876 --- [main] c.u.j.EncryptablePropertySourceConverter : Converting PropertySource applicationConfig: [classpath:/application.properties] [org.springframework.core.env.PropertiesPropertySource] to EncryptableMapPropertySourceWrapper
2020-01-21 12:35:40.292  INFO 15876 --- [main] c.u.j.r.DefaultLazyPropertyResolver      : Property Resolver custom Bean not found with name 'encryptablePropertyResolver'. Initializing Default Property Resolver
2020-01-21 12:35:40.295  INFO 15876 --- [main] c.u.j.d.DefaultLazyPropertyDetector      : Property Detector custom Bean not found with name 'encryptablePropertyDetector'. Initializing Default Property Detector
2020-01-21 12:35:40.328  INFO 15876 --- [main] c.u.j.encryptor.DefaultLazyEncryptor     : String Encryptor custom Bean not found with name 'jasyptStringEncryptor'. Initializing Default String Encryptor
2020-01-21 12:35:40.342  INFO 15876 --- [main] c.u.j.encryptor.DefaultLazyEncryptor     : Encryptor config not found for property jasypt.encryptor.algorithm, using default value: PBEWithMD5AndDES
2020-01-21 12:35:40.342  INFO 15876 --- [main] c.u.j.encryptor.DefaultLazyEncryptor     : Encryptor config not found for property jasypt.encryptor.keyObtentionIterations, using default value: 1000
2020-01-21 12:35:40.343  INFO 15876 --- [main] c.u.j.encryptor.DefaultLazyEncryptor     : Encryptor config not found for property jasypt.encryptor.poolSize, using default value: 1
2020-01-21 12:35:40.343  INFO 15876 --- [main] c.u.j.encryptor.DefaultLazyEncryptor     : Encryptor config not found for property jasypt.encryptor.providerName, using default value: null
2020-01-21 12:35:40.343  INFO 15876 --- [main] c.u.j.encryptor.DefaultLazyEncryptor     : Encryptor config not found for property jasypt.encryptor.saltGeneratorClassname, using default value: org.jasypt.salt.RandomSaltGenerator
2020-01-21 12:35:40.349  INFO 15876 --- [main] c.u.j.encryptor.DefaultLazyEncryptor     : Encryptor config not found for property jasypt.encryptor.stringOutputType, using default value: base64
2020-01-21 12:35:42.099  INFO 15876 --- [main] s.w.s.m.m.a.RequestMappingHandlerAdapter : Looking for @ControllerAdvice: org.springframework.web.context.support.GenericWebApplicationContext@5b03b9fe: startup date [Tue Jan 21 12:35:38 CST 2020]; root of context hierarchy
2020-01-21 12:35:42.273  INFO 15876 --- [main] s.w.s.m.m.a.RequestMappingHandlerMapping : Mapped "{[/fund/index.html]}" onto public java.lang.String com.kenick.controller.FundController.index(java.lang.String,org.springframework.ui.Model)
2020-01-21 12:35:42.274  INFO 15876 --- [main] s.w.s.m.m.a.RequestMappingHandlerMapping : Mapped "{[/fund/queryfundinfolist]}" onto public java.lang.String com.kenick.controller.FundController.queryFundInfoList(java.lang.String)
2020-01-21 12:35:42.275  INFO 15876 --- [main] s.w.s.m.m.a.RequestMappingHandlerMapping : Mapped "{[/fund/queryuserfundlist]}" onto public java.lang.String com.kenick.controller.FundController.queryUserFundList(java.lang.String)
2020-01-21 12:35:42.276  INFO 15876 --- [main] s.w.s.m.m.a.RequestMappingHandlerMapping : Mapped "{[/hello],methods=[GET]}" onto public java.lang.String com.kenick.controller.HelloController.hello(org.springframework.ui.Model)
2020-01-21 12:35:42.276  INFO 15876 --- [main] s.w.s.m.m.a.RequestMappingHandlerMapping : Mapped "{[/]}" onto public java.lang.String com.kenick.controller.IndexController.index()
2020-01-21 12:35:42.276  INFO 15876 --- [main] s.w.s.m.m.a.RequestMappingHandlerMapping : Mapped "{[/user/addUser]}" onto public com.kenick.generate.bean.User com.kenick.controller.UserController.addUser(javax.servlet.http.HttpServletRequest,org.springframework.ui.Model)
2020-01-21 12:35:42.278  INFO 15876 --- [main] s.w.s.m.m.a.RequestMappingHandlerMapping : Mapped "{[/error]}" onto public org.springframework.http.ResponseEntity<java.util.Map<java.lang.String, java.lang.Object>> org.springframework.boot.autoconfigure.web.BasicErrorController.error(javax.servlet.http.HttpServletRequest)
2020-01-21 12:35:42.278  INFO 15876 --- [main] s.w.s.m.m.a.RequestMappingHandlerMapping : Mapped "{[/error],produces=[text/html]}" onto public org.springframework.web.servlet.ModelAndView org.springframework.boot.autoconfigure.web.BasicErrorController.errorHtml(javax.servlet.http.HttpServletRequest,javax.servlet.http.HttpServletResponse)
2020-01-21 12:35:42.311  INFO 15876 --- [main] o.s.w.s.handler.SimpleUrlHandlerMapping  : Mapped URL path [/webjars/**] onto handler of type [class org.springframework.web.servlet.resource.ResourceHttpRequestHandler]
2020-01-21 12:35:42.311  INFO 15876 --- [main] o.s.w.s.handler.SimpleUrlHandlerMapping  : Mapped URL path [/**] onto handler of type [class org.springframework.web.servlet.resource.ResourceHttpRequestHandler]
2020-01-21 12:35:42.354  INFO 15876 --- [main] o.s.w.s.handler.SimpleUrlHandlerMapping  : Mapped URL path [/**/favicon.ico] onto handler of type [class org.springframework.web.servlet.resource.ResourceHttpRequestHandler]
2020-01-21 12:35:43.195  INFO 15876 --- [main] s.a.ScheduledAnnotationBeanPostProcessor : No TaskScheduler/ScheduledExecutorService bean found for scheduled processing
2020-01-21 12:35:43.208  INFO 15876 --- [main] com.kenick.log.LoggerTest                : Started LoggerTest in 13.492 seconds (JVM running for 14.549)
2020-01-21 12:35:43.294 DEBUG 15876 --- [main] com.kenick.log.LoggerTest                : taskService:com.kenick.fund.service.impl.TaskServiceImpl@16eedaa6
2020-01-21 12:35:43.295 DEBUG 15876 --- [main] com.kenick.log.LoggerTest                : logger:Logger[com.kenick.log.LoggerTest]
2020-01-21 12:35:43.303  INFO 15876 --- [Thread-2] o.s.w.c.s.GenericWebApplicationContext   : Closing org.springframework.web.context.support.GenericWebApplicationContext@5b03b9fe: startup date [Tue Jan 21 12:35:38 CST 2020]; root of context hierarchy
