2019-11-02 10:44:37.801  INFO 30320 --- [main] com.kenick.log.LoggerTest                : Starting LoggerTest on pc-PC with PID 30320 (started by Administrator in E:\svn_workspace\SmartFinancialManager)
2019-11-02 10:44:37.802 DEBUG 30320 --- [main] com.kenick.log.LoggerTest                : Running with Spring Boot v1.5.6.RELEASE, Spring v4.3.10.RELEASE
2019-11-02 10:44:37.802  INFO 30320 --- [main] com.kenick.log.LoggerTest                : The following profiles are active: prod
2019-11-02 10:44:38.010  INFO 30320 --- [main] o.s.w.c.s.GenericWebApplicationContext   : Refreshing org.springframework.web.context.support.GenericWebApplicationContext@57d7f8ca: startup date [Sat Nov 02 10:44:38 CST 2019]; root of context hierarchy
2019-11-02 10:44:40.008  INFO 30320 --- [main] s.w.s.m.m.a.RequestMappingHandlerAdapter : Looking for @ControllerAdvice: org.springframework.web.context.support.GenericWebApplicationContext@57d7f8ca: startup date [Sat Nov 02 10:44:38 CST 2019]; root of context hierarchy
2019-11-02 10:44:40.070  INFO 30320 --- [main] s.w.s.m.m.a.RequestMappingHandlerMapping : Mapped "{[/fund/index.html]}" onto public java.lang.String com.kenick.controller.FundController.index(org.springframework.ui.Model)
2019-11-02 10:44:40.072  INFO 30320 --- [main] s.w.s.m.m.a.RequestMappingHandlerMapping : Mapped "{[/hello],methods=[GET]}" onto public java.lang.String com.kenick.controller.HelloController.hello(org.springframework.ui.Model)
2019-11-02 10:44:40.072  INFO 30320 --- [main] s.w.s.m.m.a.RequestMappingHandlerMapping : Mapped "{[/]}" onto public java.lang.String com.kenick.controller.IndexController.index()
2019-11-02 10:44:40.073  INFO 30320 --- [main] s.w.s.m.m.a.RequestMappingHandlerMapping : Mapped "{[/user/addUser]}" onto public com.kenick.entity.User com.kenick.controller.UserController.addUser(javax.servlet.http.HttpServletRequest,org.springframework.ui.Model)
2019-11-02 10:44:40.075  INFO 30320 --- [main] s.w.s.m.m.a.RequestMappingHandlerMapping : Mapped "{[/error]}" onto public org.springframework.http.ResponseEntity<java.util.Map<java.lang.String, java.lang.Object>> org.springframework.boot.autoconfigure.web.BasicErrorController.error(javax.servlet.http.HttpServletRequest)
2019-11-02 10:44:40.076  INFO 30320 --- [main] s.w.s.m.m.a.RequestMappingHandlerMapping : Mapped "{[/error],produces=[text/html]}" onto public org.springframework.web.servlet.ModelAndView org.springframework.boot.autoconfigure.web.BasicErrorController.errorHtml(javax.servlet.http.HttpServletRequest,javax.servlet.http.HttpServletResponse)
2019-11-02 10:44:40.099  INFO 30320 --- [main] o.s.w.s.handler.SimpleUrlHandlerMapping  : Mapped URL path [/webjars/**] onto handler of type [class org.springframework.web.servlet.resource.ResourceHttpRequestHandler]
2019-11-02 10:44:40.100  INFO 30320 --- [main] o.s.w.s.handler.SimpleUrlHandlerMapping  : Mapped URL path [/**] onto handler of type [class org.springframework.web.servlet.resource.ResourceHttpRequestHandler]
2019-11-02 10:44:40.139  INFO 30320 --- [main] o.s.w.s.handler.SimpleUrlHandlerMapping  : Mapped URL path [/**/favicon.ico] onto handler of type [class org.springframework.web.servlet.resource.ResourceHttpRequestHandler]
2019-11-02 10:44:40.913  INFO 30320 --- [main] s.a.ScheduledAnnotationBeanPostProcessor : No TaskScheduler/ScheduledExecutorService bean found for scheduled processing
2019-11-02 10:44:40.932  INFO 30320 --- [main] com.kenick.log.LoggerTest                : Started LoggerTest in 3.441 seconds (JVM running for 4.211)
2019-11-02 10:44:40.965 DEBUG 30320 --- [main] com.kenick.log.LoggerTest                : taskService:com.kenick.service.impl.TaskServiceImpl@408b87aa
2019-11-02 10:44:40.967 DEBUG 30320 --- [main] com.kenick.log.LoggerTest                : logger:Logger[com.kenick.log.LoggerTest]
2019-11-02 10:44:40.971  INFO 30320 --- [Thread-2] o.s.w.c.s.GenericWebApplicationContext   : Closing org.springframework.web.context.support.GenericWebApplicationContext@57d7f8ca: startup date [Sat Nov 02 10:44:38 CST 2019]; root of context hierarchy
2019-11-13 18:04:23.209  INFO 90876 --- [main] com.kenick.log.LoggerTest                : Starting LoggerTest on pc-PC with PID 90876 (started by Administrator in E:\svn_workspace\SmartFinancialManager)
2019-11-13 18:04:23.222 DEBUG 90876 --- [main] com.kenick.log.LoggerTest                : Running with Spring Boot v1.5.6.RELEASE, Spring v4.3.10.RELEASE
2019-11-13 18:04:23.222  INFO 90876 --- [main] com.kenick.log.LoggerTest                : The following profiles are active: prod
2019-11-13 18:04:23.767  INFO 90876 --- [main] o.s.w.c.s.GenericWebApplicationContext   : Refreshing org.springframework.web.context.support.GenericWebApplicationContext@57d7f8ca: startup date [Wed Nov 13 18:04:23 CST 2019]; root of context hierarchy
2019-11-13 18:04:28.262  INFO 90876 --- [main] s.w.s.m.m.a.RequestMappingHandlerAdapter : Looking for @ControllerAdvice: org.springframework.web.context.support.GenericWebApplicationContext@57d7f8ca: startup date [Wed Nov 13 18:04:23 CST 2019]; root of context hierarchy
2019-11-13 18:04:28.416  INFO 90876 --- [main] s.w.s.m.m.a.RequestMappingHandlerMapping : Mapped "{[/fund/index.html]}" onto public java.lang.String com.kenick.controller.FundController.index(org.springframework.ui.Model)
2019-11-13 18:04:28.418  INFO 90876 --- [main] s.w.s.m.m.a.RequestMappingHandlerMapping : Mapped "{[/hello],methods=[GET]}" onto public java.lang.String com.kenick.controller.HelloController.hello(org.springframework.ui.Model)
2019-11-13 18:04:28.419  INFO 90876 --- [main] s.w.s.m.m.a.RequestMappingHandlerMapping : Mapped "{[/]}" onto public java.lang.String com.kenick.controller.IndexController.index()
2019-11-13 18:04:28.420  INFO 90876 --- [main] s.w.s.m.m.a.RequestMappingHandlerMapping : Mapped "{[/user/addUser]}" onto public com.kenick.entity.User com.kenick.controller.UserController.addUser(javax.servlet.http.HttpServletRequest,org.springframework.ui.Model)
2019-11-13 18:04:28.422  INFO 90876 --- [main] s.w.s.m.m.a.RequestMappingHandlerMapping : Mapped "{[/error]}" onto public org.springframework.http.ResponseEntity<java.util.Map<java.lang.String, java.lang.Object>> org.springframework.boot.autoconfigure.web.BasicErrorController.error(javax.servlet.http.HttpServletRequest)
2019-11-13 18:04:28.422  INFO 90876 --- [main] s.w.s.m.m.a.RequestMappingHandlerMapping : Mapped "{[/error],produces=[text/html]}" onto public org.springframework.web.servlet.ModelAndView org.springframework.boot.autoconfigure.web.BasicErrorController.errorHtml(javax.servlet.http.HttpServletRequest,javax.servlet.http.HttpServletResponse)
2019-11-13 18:04:28.477  INFO 90876 --- [main] o.s.w.s.handler.SimpleUrlHandlerMapping  : Mapped URL path [/webjars/**] onto handler of type [class org.springframework.web.servlet.resource.ResourceHttpRequestHandler]
2019-11-13 18:04:28.477  INFO 90876 --- [main] o.s.w.s.handler.SimpleUrlHandlerMapping  : Mapped URL path [/**] onto handler of type [class org.springframework.web.servlet.resource.ResourceHttpRequestHandler]
2019-11-13 18:04:28.528  INFO 90876 --- [main] o.s.w.s.handler.SimpleUrlHandlerMapping  : Mapped URL path [/**/favicon.ico] onto handler of type [class org.springframework.web.servlet.resource.ResourceHttpRequestHandler]
2019-11-13 18:04:30.066  INFO 90876 --- [main] s.a.ScheduledAnnotationBeanPostProcessor : No TaskScheduler/ScheduledExecutorService bean found for scheduled processing
2019-11-13 18:04:30.117  INFO 90876 --- [main] com.kenick.log.LoggerTest                : Started LoggerTest in 8.167 seconds (JVM running for 10.308)
2019-11-13 18:04:30.193 DEBUG 90876 --- [main] com.kenick.log.LoggerTest                : taskService:com.kenick.service.impl.TaskServiceImpl@4d774249
2019-11-13 18:04:30.195 DEBUG 90876 --- [main] com.kenick.log.LoggerTest                : logger:Logger[com.kenick.log.LoggerTest]
2019-11-13 18:04:30.211  INFO 90876 --- [Thread-2] o.s.w.c.s.GenericWebApplicationContext   : Closing org.springframework.web.context.support.GenericWebApplicationContext@57d7f8ca: startup date [Wed Nov 13 18:04:23 CST 2019]; root of context hierarchy
