2020-01-07 16:06:04.049  INFO 8132 --- [main] com.kenick.Application                   : Starting Application on pc-PC with PID 8132 (E:\svn_workspace\SmartFinancialManager\target\classes started by Administrator in E:\svn_workspace\SmartFinancialManager)
2020-01-07 16:06:04.051 DEBUG 8132 --- [main] com.kenick.Application                   : Running with Spring Boot v1.5.6.RELEASE, Spring v4.3.10.RELEASE
2020-01-07 16:06:04.051  INFO 8132 --- [main] com.kenick.Application                   : The following profiles are active: dev
2020-01-07 16:06:04.220  INFO 8132 --- [main] ationConfigEmbeddedWebApplicationContext : Refreshing org.springframework.boot.context.embedded.AnnotationConfigEmbeddedWebApplicationContext@7219ec67: startup date [Tue Jan 07 16:06:04 CST 2020]; root of context hierarchy
2020-01-07 16:06:05.144  INFO 8132 --- [main] ptablePropertiesBeanFactoryPostProcessor : Post-processing PropertySource instances
2020-01-07 16:06:05.199  INFO 8132 --- [main] c.u.j.EncryptablePropertySourceConverter : Converting PropertySource servletConfigInitParams [org.springframework.core.env.PropertySource$StubPropertySource] to EncryptablePropertySourceWrapper
2020-01-07 16:06:05.200  INFO 8132 --- [main] c.u.j.EncryptablePropertySourceConverter : Converting PropertySource servletContextInitParams [org.springframework.core.env.PropertySource$StubPropertySource] to EncryptablePropertySourceWrapper
2020-01-07 16:06:05.200  INFO 8132 --- [main] c.u.j.EncryptablePropertySourceConverter : Converting PropertySource systemProperties [org.springframework.core.env.MapPropertySource] to EncryptableMapPropertySourceWrapper
2020-01-07 16:06:05.201  INFO 8132 --- [main] c.u.j.EncryptablePropertySourceConverter : Converting PropertySource systemEnvironment [org.springframework.core.env.SystemEnvironmentPropertySource] to EncryptableMapPropertySourceWrapper
2020-01-07 16:06:05.201  INFO 8132 --- [main] c.u.j.EncryptablePropertySourceConverter : Converting PropertySource random [org.springframework.boot.context.config.RandomValuePropertySource] to EncryptablePropertySourceWrapper
2020-01-07 16:06:05.201  INFO 8132 --- [main] c.u.j.EncryptablePropertySourceConverter : Converting PropertySource applicationConfig: [classpath:/application-dev.properties] [org.springframework.core.env.PropertiesPropertySource] to EncryptableMapPropertySourceWrapper
2020-01-07 16:06:05.201  INFO 8132 --- [main] c.u.j.EncryptablePropertySourceConverter : Converting PropertySource applicationConfig: [classpath:/application.properties] [org.springframework.core.env.PropertiesPropertySource] to EncryptableMapPropertySourceWrapper
2020-01-07 16:06:05.463  INFO 8132 --- [main] c.u.j.r.DefaultLazyPropertyResolver      : Property Resolver custom Bean not found with name 'encryptablePropertyResolver'. Initializing Default Property Resolver
2020-01-07 16:06:05.465  INFO 8132 --- [main] c.u.j.d.DefaultLazyPropertyDetector      : Property Detector custom Bean not found with name 'encryptablePropertyDetector'. Initializing Default Property Detector
2020-01-07 16:06:05.600  INFO 8132 --- [main] s.b.c.e.t.TomcatEmbeddedServletContainer : Tomcat initialized with port(s): 8011 (http)
2020-01-07 16:06:05.607  INFO 8132 --- [main] o.apache.catalina.core.StandardService   : Starting service [Tomcat]
2020-01-07 16:06:05.608  INFO 8132 --- [main] org.apache.catalina.core.StandardEngine  : Starting Servlet Engine: Apache Tomcat/8.5.16
2020-01-07 16:06:05.705  INFO 8132 --- [localhost-startStop-1] o.a.c.c.C.[.[localhost].[/kenick]        : Initializing Spring embedded WebApplicationContext
2020-01-07 16:06:05.705  INFO 8132 --- [localhost-startStop-1] o.s.web.context.ContextLoader            : Root WebApplicationContext: initialization completed in 1487 ms
2020-01-07 16:06:05.830  INFO 8132 --- [localhost-startStop-1] o.s.b.w.servlet.ServletRegistrationBean  : Mapping servlet: 'dispatcherServlet' to [/]
2020-01-07 16:06:05.833  INFO 8132 --- [localhost-startStop-1] o.s.b.w.servlet.FilterRegistrationBean   : Mapping filter: 'characterEncodingFilter' to: [/*]
2020-01-07 16:06:05.833  INFO 8132 --- [localhost-startStop-1] o.s.b.w.servlet.FilterRegistrationBean   : Mapping filter: 'hiddenHttpMethodFilter' to: [/*]
2020-01-07 16:06:05.834  INFO 8132 --- [localhost-startStop-1] o.s.b.w.servlet.FilterRegistrationBean   : Mapping filter: 'httpPutFormContentFilter' to: [/*]
2020-01-07 16:06:05.834  INFO 8132 --- [localhost-startStop-1] o.s.b.w.servlet.FilterRegistrationBean   : Mapping filter: 'requestContextFilter' to: [/*]
2020-01-07 16:06:05.926  INFO 8132 --- [main] c.u.j.encryptor.DefaultLazyEncryptor     : String Encryptor custom Bean not found with name 'jasyptStringEncryptor'. Initializing Default String Encryptor
2020-01-07 16:06:05.932  INFO 8132 --- [main] c.u.j.encryptor.DefaultLazyEncryptor     : Encryptor config not found for property jasypt.encryptor.algorithm, using default value: PBEWithMD5AndDES
2020-01-07 16:06:05.932  INFO 8132 --- [main] c.u.j.encryptor.DefaultLazyEncryptor     : Encryptor config not found for property jasypt.encryptor.keyObtentionIterations, using default value: 1000
2020-01-07 16:06:05.933  INFO 8132 --- [main] c.u.j.encryptor.DefaultLazyEncryptor     : Encryptor config not found for property jasypt.encryptor.poolSize, using default value: 1
2020-01-07 16:06:05.933  INFO 8132 --- [main] c.u.j.encryptor.DefaultLazyEncryptor     : Encryptor config not found for property jasypt.encryptor.providerName, using default value: null
2020-01-07 16:06:05.933  INFO 8132 --- [main] c.u.j.encryptor.DefaultLazyEncryptor     : Encryptor config not found for property jasypt.encryptor.saltGeneratorClassname, using default value: org.jasypt.salt.RandomSaltGenerator
2020-01-07 16:06:05.934  INFO 8132 --- [main] c.u.j.encryptor.DefaultLazyEncryptor     : Encryptor config not found for property jasypt.encryptor.stringOutputType, using default value: base64
2020-01-07 16:06:06.629  INFO 8132 --- [main] s.w.s.m.m.a.RequestMappingHandlerAdapter : Looking for @ControllerAdvice: org.springframework.boot.context.embedded.AnnotationConfigEmbeddedWebApplicationContext@7219ec67: startup date [Tue Jan 07 16:06:04 CST 2020]; root of context hierarchy
2020-01-07 16:06:06.671  INFO 8132 --- [main] s.w.s.m.m.a.RequestMappingHandlerMapping : Mapped "{[/fund/index.html]}" onto public java.lang.String com.kenick.controller.FundController.index(org.springframework.ui.Model)
2020-01-07 16:06:06.671  INFO 8132 --- [main] s.w.s.m.m.a.RequestMappingHandlerMapping : Mapped "{[/hello],methods=[GET]}" onto public java.lang.String com.kenick.controller.HelloController.hello(org.springframework.ui.Model)
2020-01-07 16:06:06.672  INFO 8132 --- [main] s.w.s.m.m.a.RequestMappingHandlerMapping : Mapped "{[/]}" onto public java.lang.String com.kenick.controller.IndexController.index()
2020-01-07 16:06:06.672  INFO 8132 --- [main] s.w.s.m.m.a.RequestMappingHandlerMapping : Mapped "{[/user/addUser]}" onto public com.kenick.generate.bean.User com.kenick.controller.UserController.addUser(javax.servlet.http.HttpServletRequest,org.springframework.ui.Model)
2020-01-07 16:06:06.674  INFO 8132 --- [main] s.w.s.m.m.a.RequestMappingHandlerMapping : Mapped "{[/error]}" onto public org.springframework.http.ResponseEntity<java.util.Map<java.lang.String, java.lang.Object>> org.springframework.boot.autoconfigure.web.BasicErrorController.error(javax.servlet.http.HttpServletRequest)
2020-01-07 16:06:06.674  INFO 8132 --- [main] s.w.s.m.m.a.RequestMappingHandlerMapping : Mapped "{[/error],produces=[text/html]}" onto public org.springframework.web.servlet.ModelAndView org.springframework.boot.autoconfigure.web.BasicErrorController.errorHtml(javax.servlet.http.HttpServletRequest,javax.servlet.http.HttpServletResponse)
2020-01-07 16:06:06.697  INFO 8132 --- [main] o.s.w.s.handler.SimpleUrlHandlerMapping  : Mapped URL path [/webjars/**] onto handler of type [class org.springframework.web.servlet.resource.ResourceHttpRequestHandler]
2020-01-07 16:06:06.697  INFO 8132 --- [main] o.s.w.s.handler.SimpleUrlHandlerMapping  : Mapped URL path [/**] onto handler of type [class org.springframework.web.servlet.resource.ResourceHttpRequestHandler]
2020-01-07 16:06:06.738  INFO 8132 --- [main] o.s.w.s.handler.SimpleUrlHandlerMapping  : Mapped URL path [/**/favicon.ico] onto handler of type [class org.springframework.web.servlet.resource.ResourceHttpRequestHandler]
2020-01-07 16:06:07.162  INFO 8132 --- [main] o.s.j.e.a.AnnotationMBeanExporter        : Registering beans for JMX exposure on startup
2020-01-07 16:06:07.163  INFO 8132 --- [main] o.s.j.e.a.AnnotationMBeanExporter        : Bean with name 'dataSource' has been autodetected for JMX exposure
2020-01-07 16:06:07.166  INFO 8132 --- [main] o.s.j.e.a.AnnotationMBeanExporter        : Located MBean 'dataSource': registering with JMX server as MBean [com.alibaba.druid.pool:name=dataSource,type=DruidDataSource]
2020-01-07 16:06:07.173  INFO 8132 --- [main] s.a.ScheduledAnnotationBeanPostProcessor : No TaskScheduler/ScheduledExecutorService bean found for scheduled processing
2020-01-07 16:06:07.208  INFO 8132 --- [main] s.b.c.e.t.TomcatEmbeddedServletContainer : Tomcat started on port(s): 8011 (http)
2020-01-07 16:06:07.212  INFO 8132 --- [main] com.kenick.Application                   : Started Application in 3.369 seconds (JVM running for 4.026)
2020-01-07 16:07:00.087  INFO 8132 --- [pool-1-thread-1] com.alibaba.druid.pool.DruidDataSource   : {dataSource-1} inited
2020-01-07 16:07:00.239 DEBUG 8132 --- [pool-1-thread-1] c.k.g.dao.FundMapper.selectByExample     : ==>  Preparing: select id, code, name, cur_time, cur_net_value, cur_gain, last_net_value, last_gain, gain_total from fund order by id 
2020-01-07 16:07:00.252 DEBUG 8132 --- [pool-1-thread-1] c.k.g.dao.FundMapper.selectByExample     : ==> Parameters: 
2020-01-07 16:07:00.290 DEBUG 8132 --- [pool-1-thread-1] c.k.g.dao.FundMapper.selectByExample     : <==      Total: 13
2020-01-07 16:07:01.005 DEBUG 8132 --- [pool-1-thread-1] c.k.fund.service.impl.TaskServiceImpl    : 爬取的最新基金数据为:jsonpgz({"fundcode":"070011","name":"嘉实策略混合","jzrq":"2020-01-06","dwjz":"1.2030","gsz":"1.2148","gszzl":"0.98","gztime":"2020-01-07 15:00"});
2020-01-07 16:07:01.149 DEBUG 8132 --- [pool-1-thread-1] c.k.g.d.F.updateByExampleSelective       : ==>  Preparing: update fund SET code = ?, name = ?, cur_time = ?, cur_net_value = ?, cur_gain = ?, last_net_value = ?, last_gain = ?, gain_total = ? WHERE ( code = ? ) 
2020-01-07 16:07:01.150 DEBUG 8132 --- [pool-1-thread-1] c.k.g.d.F.updateByExampleSelective       : ==> Parameters: 070011(String), 嘉实策略混合(070011)(String), 01-07 15:00(String), 1.2148(Double), 0.98(Double), 1.203(Double), -0.25(Double), 0.73(BigDecimal), 070011(String)
2020-01-07 16:07:01.240 DEBUG 8132 --- [pool-1-thread-1] c.k.g.d.F.updateByExampleSelective       : <==    Updates: 1
2020-01-07 16:07:01.354 DEBUG 8132 --- [pool-1-thread-1] c.k.fund.service.impl.TaskServiceImpl    : 爬取的最新基金数据为:jsonpgz({"fundcode":"160222","name":"国泰国证食品饮料行业指数分级","jzrq":"2020-01-06","dwjz":"1.0684","gsz":"1.0835","gszzl":"1.42","gztime":"2020-01-07 15:00"});
2020-01-07 16:07:01.359 DEBUG 8132 --- [pool-1-thread-1] c.k.g.d.F.updateByExampleSelective       : ==>  Preparing: update fund SET code = ?, name = ?, cur_time = ?, cur_net_value = ?, cur_gain = ?, last_net_value = ?, last_gain = ?, gain_total = ? WHERE ( code = ? ) 
2020-01-07 16:07:01.362 DEBUG 8132 --- [pool-1-thread-1] c.k.g.d.F.updateByExampleSelective       : ==> Parameters: 160222(String), 国泰国证食品饮料行业指数分级(160222)(String), 01-07 15:00(String), 1.0835(Double), 1.42(Double), 1.0684(Double), -0.99(Double), 0.42999999999999994(BigDecimal), 160222(String)
2020-01-07 16:07:01.397 DEBUG 8132 --- [pool-1-thread-1] c.k.g.d.F.updateByExampleSelective       : <==    Updates: 1
2020-01-07 16:07:01.529 DEBUG 8132 --- [pool-1-thread-1] c.k.fund.service.impl.TaskServiceImpl    : 爬取的最新基金数据为:jsonpgz({"fundcode":"163402","name":"兴全趋势投资混合(LOF)","jzrq":"2020-01-06","dwjz":"0.7535","gsz":"0.7587","gszzl":"0.69","gztime":"2020-01-07 15:00"});
2020-01-07 16:07:01.530 DEBUG 8132 --- [pool-1-thread-1] c.k.g.d.F.updateByExampleSelective       : ==>  Preparing: update fund SET code = ?, name = ?, cur_time = ?, cur_net_value = ?, cur_gain = ?, last_net_value = ?, last_gain = ?, gain_total = ? WHERE ( code = ? ) 
2020-01-07 16:07:01.531 DEBUG 8132 --- [pool-1-thread-1] c.k.g.d.F.updateByExampleSelective       : ==> Parameters: 163402(String), 兴全趋势投资混合(LOF)(前端：163402  后端：163403)(String), 01-07 15:00(String), 0.7587(Double), 0.69(Double), 0.7535(Double), 0.41(Double), 1.0999999999999999(BigDecimal), 163402(String)
2020-01-07 16:07:01.565 DEBUG 8132 --- [pool-1-thread-1] c.k.g.d.F.updateByExampleSelective       : <==    Updates: 1
2020-01-07 16:07:01.878 DEBUG 8132 --- [pool-1-thread-1] c.k.fund.service.impl.TaskServiceImpl    : 爬取的最新基金数据为:jsonpgz({"fundcode":"004683","name":"建信高端医疗股票","jzrq":"2020-01-06","dwjz":"1.0933","gsz":"1.1063","gszzl":"1.18","gztime":"2020-01-07 15:00"});
2020-01-07 16:07:01.880 DEBUG 8132 --- [pool-1-thread-1] c.k.g.d.F.updateByExampleSelective       : ==>  Preparing: update fund SET code = ?, name = ?, cur_time = ?, cur_net_value = ?, cur_gain = ?, last_net_value = ?, last_gain = ?, gain_total = ? WHERE ( code = ? ) 
2020-01-07 16:07:01.882 DEBUG 8132 --- [pool-1-thread-1] c.k.g.d.F.updateByExampleSelective       : ==> Parameters: 004683(String), 建信高端医疗股票(004683)(String), 01-07 15:00(String), 1.1063(Double), 1.18(Double), 1.0933(Double), -0.67(Double), 0.5099999999999999(BigDecimal), 004683(String)
2020-01-07 16:07:01.946 DEBUG 8132 --- [pool-1-thread-1] c.k.g.d.F.updateByExampleSelective       : <==    Updates: 1
2020-01-07 16:07:02.195 DEBUG 8132 --- [pool-1-thread-1] c.k.fund.service.impl.TaskServiceImpl    : 爬取的最新基金数据为:jsonpgz({"fundcode":"001645","name":"国泰大健康股票","jzrq":"2020-01-06","dwjz":"2.2090","gsz":"2.2516","gszzl":"1.93","gztime":"2020-01-07 15:00"});
2020-01-07 16:07:02.196 DEBUG 8132 --- [pool-1-thread-1] c.k.g.d.F.updateByExampleSelective       : ==>  Preparing: update fund SET code = ?, name = ?, cur_time = ?, cur_net_value = ?, cur_gain = ?, last_net_value = ?, last_gain = ?, gain_total = ? WHERE ( code = ? ) 
2020-01-07 16:07:02.197 DEBUG 8132 --- [pool-1-thread-1] c.k.g.d.F.updateByExampleSelective       : ==> Parameters: 001645(String), 国泰大健康股票(001645)(String), 01-07 15:00(String), 2.2516(Double), 1.93(Double), 2.209(Double), 0.41(Double), 2.34(BigDecimal), 001645(String)
2020-01-07 16:07:02.232 DEBUG 8132 --- [pool-1-thread-1] c.k.g.d.F.updateByExampleSelective       : <==    Updates: 1
2020-01-07 16:07:02.473 DEBUG 8132 --- [pool-1-thread-1] c.k.fund.service.impl.TaskServiceImpl    : 爬取的最新基金数据为:jsonpgz({"fundcode":"003191","name":"创金合信消费主题股票C","jzrq":"2020-01-06","dwjz":"1.6041","gsz":"1.6384","gszzl":"2.14","gztime":"2020-01-07 15:00"});
2020-01-07 16:07:02.477 DEBUG 8132 --- [pool-1-thread-1] c.k.g.d.F.updateByExampleSelective       : ==>  Preparing: update fund SET code = ?, name = ?, cur_time = ?, cur_net_value = ?, cur_gain = ?, last_net_value = ?, last_gain = ?, gain_total = ? WHERE ( code = ? ) 
2020-01-07 16:07:02.479 DEBUG 8132 --- [pool-1-thread-1] c.k.g.d.F.updateByExampleSelective       : ==> Parameters: 003191(String), 创金合信消费主题股票C(003191)(String), 01-07 15:00(String), 1.6384(Double), 2.14(Double), 1.6041(Double), -0.51(Double), 1.6300000000000001(BigDecimal), 003191(String)
2020-01-07 16:07:02.538 DEBUG 8132 --- [pool-1-thread-1] c.k.g.d.F.updateByExampleSelective       : <==    Updates: 1
2020-01-07 16:07:02.753 DEBUG 8132 --- [pool-1-thread-1] c.k.fund.service.impl.TaskServiceImpl    : 爬取的最新基金数据为:jsonpgz({"fundcode":"519727","name":"交银成长30混合","jzrq":"2020-01-06","dwjz":"1.6500","gsz":"1.6578","gszzl":"0.48","gztime":"2020-01-07 15:00"});
2020-01-07 16:07:02.754 DEBUG 8132 --- [pool-1-thread-1] c.k.g.d.F.updateByExampleSelective       : ==>  Preparing: update fund SET code = ?, name = ?, cur_time = ?, cur_net_value = ?, cur_gain = ?, last_net_value = ?, last_gain = ?, gain_total = ? WHERE ( code = ? ) 
2020-01-07 16:07:02.755 DEBUG 8132 --- [pool-1-thread-1] c.k.g.d.F.updateByExampleSelective       : ==> Parameters: 519727(String), 交银成长30混合(前端：519727  后端：519728)(String), 01-07 15:00(String), 1.6578(Double), 0.48(Double), 1.65(Double), 0.98(Double), 1.46(BigDecimal), 519727(String)
2020-01-07 16:07:02.798 DEBUG 8132 --- [pool-1-thread-1] c.k.g.d.F.updateByExampleSelective       : <==    Updates: 1
2020-01-07 16:07:03.108 DEBUG 8132 --- [pool-1-thread-1] c.k.fund.service.impl.TaskServiceImpl    : 爬取的最新基金数据为:jsonpgz({"fundcode":"003096","name":"中欧医疗健康混合C","jzrq":"2020-01-06","dwjz":"1.6990","gsz":"1.7153","gszzl":"0.96","gztime":"2020-01-07 15:00"});
2020-01-07 16:07:03.109 DEBUG 8132 --- [pool-1-thread-1] c.k.g.d.F.updateByExampleSelective       : ==>  Preparing: update fund SET code = ?, name = ?, cur_time = ?, cur_net_value = ?, cur_gain = ?, last_net_value = ?, last_gain = ?, gain_total = ? WHERE ( code = ? ) 
2020-01-07 16:07:03.111 DEBUG 8132 --- [pool-1-thread-1] c.k.g.d.F.updateByExampleSelective       : ==> Parameters: 003096(String), 中欧医疗健康混合C(003096)(String), 01-07 15:00(String), 1.7153(Double), 0.96(Double), 1.699(Double), -0.93(Double), 0.029999999999999916(BigDecimal), 003096(String)
2020-01-07 16:07:03.179 DEBUG 8132 --- [pool-1-thread-1] c.k.g.d.F.updateByExampleSelective       : <==    Updates: 1
2020-01-07 16:07:03.343 DEBUG 8132 --- [pool-1-thread-1] c.k.fund.service.impl.TaskServiceImpl    : 爬取的最新基金数据为:jsonpgz({"fundcode":"003625","name":"创金合信资源股票发起式C","jzrq":"2020-01-06","dwjz":"1.1219","gsz":"1.1219","gszzl":"0.00","gztime":"2020-01-07 15:00"});
2020-01-07 16:07:03.345 DEBUG 8132 --- [pool-1-thread-1] c.k.g.d.F.updateByExampleSelective       : ==>  Preparing: update fund SET code = ?, name = ?, cur_time = ?, cur_net_value = ?, cur_gain = ?, last_net_value = ?, last_gain = ?, gain_total = ? WHERE ( code = ? ) 
2020-01-07 16:07:03.345 DEBUG 8132 --- [pool-1-thread-1] c.k.g.d.F.updateByExampleSelective       : ==> Parameters: 003625(String), 创金合信资源股票发起式C(003625)(String), 01-07 15:00(String), 1.1219(Double), 0.0(Double), 1.1219(Double), 2.32(Double), 2.32(BigDecimal), 003625(String)
2020-01-07 16:07:03.390 DEBUG 8132 --- [pool-1-thread-1] c.k.g.d.F.updateByExampleSelective       : <==    Updates: 1
2020-01-07 16:07:03.630 DEBUG 8132 --- [pool-1-thread-1] c.k.fund.service.impl.TaskServiceImpl    : 爬取的最新基金数据为:jsonpgz({"fundcode":"005496","name":"创金合信科技成长股票C","jzrq":"2020-01-06","dwjz":"1.3701","gsz":"1.3743","gszzl":"0.30","gztime":"2020-01-07 15:00"});
2020-01-07 16:07:03.632 DEBUG 8132 --- [pool-1-thread-1] c.k.g.d.F.updateByExampleSelective       : ==>  Preparing: update fund SET code = ?, name = ?, cur_time = ?, cur_net_value = ?, cur_gain = ?, last_net_value = ?, last_gain = ?, gain_total = ? WHERE ( code = ? ) 
2020-01-07 16:07:03.632 DEBUG 8132 --- [pool-1-thread-1] c.k.g.d.F.updateByExampleSelective       : ==> Parameters: 005496(String), 创金合信科技成长股票C(005496)(String), 01-07 15:00(String), 1.3743(Double), 0.3(Double), 1.3701(Double), 1.47(Double), 1.77(BigDecimal), 005496(String)
2020-01-07 16:07:03.663 DEBUG 8132 --- [pool-1-thread-1] c.k.g.d.F.updateByExampleSelective       : <==    Updates: 1
2020-01-07 16:07:03.771 DEBUG 8132 --- [pool-1-thread-1] c.k.fund.service.impl.TaskServiceImpl    : 爬取的最新基金数据为:jsonpgz({"fundcode":"070001","name":"嘉实成长收益混合A","jzrq":"2020-01-06","dwjz":"1.1408","gsz":"1.1495","gszzl":"0.76","gztime":"2020-01-07 15:00"});
2020-01-07 16:07:03.774 DEBUG 8132 --- [pool-1-thread-1] c.k.g.d.F.updateByExampleSelective       : ==>  Preparing: update fund SET code = ?, name = ?, cur_time = ?, cur_net_value = ?, cur_gain = ?, last_net_value = ?, last_gain = ?, gain_total = ? WHERE ( code = ? ) 
2020-01-07 16:07:03.776 DEBUG 8132 --- [pool-1-thread-1] c.k.g.d.F.updateByExampleSelective       : ==> Parameters: 070001(String), 嘉实成长收益混合A(070001)(String), 01-07 15:00(String), 1.1495(Double), 0.76(Double), 1.1408(Double), -0.52(Double), 0.24(BigDecimal), 070001(String)
2020-01-07 16:07:03.812 DEBUG 8132 --- [pool-1-thread-1] c.k.g.d.F.updateByExampleSelective       : <==    Updates: 1
2020-01-07 16:07:03.914 DEBUG 8132 --- [pool-1-thread-1] c.k.fund.service.impl.TaskServiceImpl    : 爬取的最新基金数据为:jsonpgz({"fundcode":"005963","name":"宝盈人工智能股票C","jzrq":"2020-01-06","dwjz":"1.7430","gsz":"1.7518","gszzl":"0.50","gztime":"2020-01-07 15:00"});
2020-01-07 16:07:03.916 DEBUG 8132 --- [pool-1-thread-1] c.k.g.d.F.updateByExampleSelective       : ==>  Preparing: update fund SET code = ?, name = ?, cur_time = ?, cur_net_value = ?, cur_gain = ?, last_net_value = ?, last_gain = ?, gain_total = ? WHERE ( code = ? ) 
2020-01-07 16:07:03.916 DEBUG 8132 --- [pool-1-thread-1] c.k.g.d.F.updateByExampleSelective       : ==> Parameters: 005963(String), 宝盈人工智能股票C(005963)(String), 01-07 15:00(String), 1.7518(Double), 0.5(Double), 1.743(Double), 0.55(Double), 1.05(BigDecimal), 005963(String)
2020-01-07 16:07:03.946 DEBUG 8132 --- [pool-1-thread-1] c.k.g.d.F.updateByExampleSelective       : <==    Updates: 1
2020-01-07 16:07:04.125 DEBUG 8132 --- [pool-1-thread-1] c.k.fund.service.impl.TaskServiceImpl    : 爬取的最新基金数据为:jsonpgz({"fundcode":"003956","name":"南方教育股票","jzrq":"2020-01-06","dwjz":"1.4722","gsz":"1.4796","gszzl":"0.50","gztime":"2020-01-07 15:00"});
2020-01-07 16:07:04.126 DEBUG 8132 --- [pool-1-thread-1] c.k.g.d.F.updateByExampleSelective       : ==>  Preparing: update fund SET code = ?, name = ?, cur_time = ?, cur_net_value = ?, cur_gain = ?, last_net_value = ?, last_gain = ?, gain_total = ? WHERE ( code = ? ) 
2020-01-07 16:07:04.127 DEBUG 8132 --- [pool-1-thread-1] c.k.g.d.F.updateByExampleSelective       : ==> Parameters: 003956(String), 南方教育股票(003956)(String), 01-07 15:00(String), 1.4796(Double), 0.5(Double), 1.4722(Double), 0.88(Double), 1.38(BigDecimal), 003956(String)
2020-01-07 16:07:04.166 DEBUG 8132 --- [pool-1-thread-1] c.k.g.d.F.updateByExampleSelective       : <==    Updates: 1
2020-01-07 16:07:04.167 DEBUG 8132 --- [pool-1-thread-1] c.k.fund.service.impl.TaskServiceImpl    : 遍历基金一轮花费时间:4164
2020-01-07 16:07:38.553  INFO 9944 --- [main] com.kenick.Application                   : Starting Application on pc-PC with PID 9944 (E:\svn_workspace\SmartFinancialManager\target\classes started by Administrator in E:\svn_workspace\SmartFinancialManager)
2020-01-07 16:07:38.555 DEBUG 9944 --- [main] com.kenick.Application                   : Running with Spring Boot v1.5.6.RELEASE, Spring v4.3.10.RELEASE
2020-01-07 16:07:38.555  INFO 9944 --- [main] com.kenick.Application                   : The following profiles are active: dev
2020-01-07 16:07:38.753  INFO 9944 --- [main] ationConfigEmbeddedWebApplicationContext : Refreshing org.springframework.boot.context.embedded.AnnotationConfigEmbeddedWebApplicationContext@7219ec67: startup date [Tue Jan 07 16:07:38 CST 2020]; root of context hierarchy
2020-01-07 16:07:39.584  INFO 9944 --- [main] ptablePropertiesBeanFactoryPostProcessor : Post-processing PropertySource instances
2020-01-07 16:07:39.622  INFO 9944 --- [main] c.u.j.EncryptablePropertySourceConverter : Converting PropertySource servletConfigInitParams [org.springframework.core.env.PropertySource$StubPropertySource] to EncryptablePropertySourceWrapper
2020-01-07 16:07:39.623  INFO 9944 --- [main] c.u.j.EncryptablePropertySourceConverter : Converting PropertySource servletContextInitParams [org.springframework.core.env.PropertySource$StubPropertySource] to EncryptablePropertySourceWrapper
2020-01-07 16:07:39.623  INFO 9944 --- [main] c.u.j.EncryptablePropertySourceConverter : Converting PropertySource systemProperties [org.springframework.core.env.MapPropertySource] to EncryptableMapPropertySourceWrapper
2020-01-07 16:07:39.624  INFO 9944 --- [main] c.u.j.EncryptablePropertySourceConverter : Converting PropertySource systemEnvironment [org.springframework.core.env.SystemEnvironmentPropertySource] to EncryptableMapPropertySourceWrapper
2020-01-07 16:07:39.624  INFO 9944 --- [main] c.u.j.EncryptablePropertySourceConverter : Converting PropertySource random [org.springframework.boot.context.config.RandomValuePropertySource] to EncryptablePropertySourceWrapper
2020-01-07 16:07:39.624  INFO 9944 --- [main] c.u.j.EncryptablePropertySourceConverter : Converting PropertySource applicationConfig: [classpath:/application-dev.properties] [org.springframework.core.env.PropertiesPropertySource] to EncryptableMapPropertySourceWrapper
2020-01-07 16:07:39.624  INFO 9944 --- [main] c.u.j.EncryptablePropertySourceConverter : Converting PropertySource applicationConfig: [classpath:/application.properties] [org.springframework.core.env.PropertiesPropertySource] to EncryptableMapPropertySourceWrapper
2020-01-07 16:07:39.863  INFO 9944 --- [main] c.u.j.r.DefaultLazyPropertyResolver      : Property Resolver custom Bean not found with name 'encryptablePropertyResolver'. Initializing Default Property Resolver
2020-01-07 16:07:39.865  INFO 9944 --- [main] c.u.j.d.DefaultLazyPropertyDetector      : Property Detector custom Bean not found with name 'encryptablePropertyDetector'. Initializing Default Property Detector
2020-01-07 16:07:40.017  INFO 9944 --- [main] s.b.c.e.t.TomcatEmbeddedServletContainer : Tomcat initialized with port(s): 8011 (http)
2020-01-07 16:07:40.025  INFO 9944 --- [main] o.apache.catalina.core.StandardService   : Starting service [Tomcat]
2020-01-07 16:07:40.026  INFO 9944 --- [main] org.apache.catalina.core.StandardEngine  : Starting Servlet Engine: Apache Tomcat/8.5.16
2020-01-07 16:07:40.123  INFO 9944 --- [localhost-startStop-1] o.a.c.c.C.[Tomcat].[localhost].[/]       : Initializing Spring embedded WebApplicationContext
2020-01-07 16:07:40.123  INFO 9944 --- [localhost-startStop-1] o.s.web.context.ContextLoader            : Root WebApplicationContext: initialization completed in 1370 ms
2020-01-07 16:07:40.257  INFO 9944 --- [localhost-startStop-1] o.s.b.w.servlet.ServletRegistrationBean  : Mapping servlet: 'dispatcherServlet' to [/]
2020-01-07 16:07:40.260  INFO 9944 --- [localhost-startStop-1] o.s.b.w.servlet.FilterRegistrationBean   : Mapping filter: 'characterEncodingFilter' to: [/*]
2020-01-07 16:07:40.260  INFO 9944 --- [localhost-startStop-1] o.s.b.w.servlet.FilterRegistrationBean   : Mapping filter: 'hiddenHttpMethodFilter' to: [/*]
2020-01-07 16:07:40.261  INFO 9944 --- [localhost-startStop-1] o.s.b.w.servlet.FilterRegistrationBean   : Mapping filter: 'httpPutFormContentFilter' to: [/*]
2020-01-07 16:07:40.261  INFO 9944 --- [localhost-startStop-1] o.s.b.w.servlet.FilterRegistrationBean   : Mapping filter: 'requestContextFilter' to: [/*]
2020-01-07 16:07:40.349  INFO 9944 --- [main] c.u.j.encryptor.DefaultLazyEncryptor     : String Encryptor custom Bean not found with name 'jasyptStringEncryptor'. Initializing Default String Encryptor
2020-01-07 16:07:40.354  INFO 9944 --- [main] c.u.j.encryptor.DefaultLazyEncryptor     : Encryptor config not found for property jasypt.encryptor.algorithm, using default value: PBEWithMD5AndDES
2020-01-07 16:07:40.354  INFO 9944 --- [main] c.u.j.encryptor.DefaultLazyEncryptor     : Encryptor config not found for property jasypt.encryptor.keyObtentionIterations, using default value: 1000
2020-01-07 16:07:40.354  INFO 9944 --- [main] c.u.j.encryptor.DefaultLazyEncryptor     : Encryptor config not found for property jasypt.encryptor.poolSize, using default value: 1
2020-01-07 16:07:40.354  INFO 9944 --- [main] c.u.j.encryptor.DefaultLazyEncryptor     : Encryptor config not found for property jasypt.encryptor.providerName, using default value: null
2020-01-07 16:07:40.355  INFO 9944 --- [main] c.u.j.encryptor.DefaultLazyEncryptor     : Encryptor config not found for property jasypt.encryptor.saltGeneratorClassname, using default value: org.jasypt.salt.RandomSaltGenerator
2020-01-07 16:07:40.355  INFO 9944 --- [main] c.u.j.encryptor.DefaultLazyEncryptor     : Encryptor config not found for property jasypt.encryptor.stringOutputType, using default value: base64
2020-01-07 16:07:41.043  INFO 9944 --- [main] s.w.s.m.m.a.RequestMappingHandlerAdapter : Looking for @ControllerAdvice: org.springframework.boot.context.embedded.AnnotationConfigEmbeddedWebApplicationContext@7219ec67: startup date [Tue Jan 07 16:07:38 CST 2020]; root of context hierarchy
2020-01-07 16:07:41.082  INFO 9944 --- [main] s.w.s.m.m.a.RequestMappingHandlerMapping : Mapped "{[/fund/index.html]}" onto public java.lang.String com.kenick.controller.FundController.index(org.springframework.ui.Model)
2020-01-07 16:07:41.083  INFO 9944 --- [main] s.w.s.m.m.a.RequestMappingHandlerMapping : Mapped "{[/hello],methods=[GET]}" onto public java.lang.String com.kenick.controller.HelloController.hello(org.springframework.ui.Model)
2020-01-07 16:07:41.083  INFO 9944 --- [main] s.w.s.m.m.a.RequestMappingHandlerMapping : Mapped "{[/]}" onto public java.lang.String com.kenick.controller.IndexController.index()
2020-01-07 16:07:41.083  INFO 9944 --- [main] s.w.s.m.m.a.RequestMappingHandlerMapping : Mapped "{[/user/addUser]}" onto public com.kenick.generate.bean.User com.kenick.controller.UserController.addUser(javax.servlet.http.HttpServletRequest,org.springframework.ui.Model)
2020-01-07 16:07:41.085  INFO 9944 --- [main] s.w.s.m.m.a.RequestMappingHandlerMapping : Mapped "{[/error]}" onto public org.springframework.http.ResponseEntity<java.util.Map<java.lang.String, java.lang.Object>> org.springframework.boot.autoconfigure.web.BasicErrorController.error(javax.servlet.http.HttpServletRequest)
2020-01-07 16:07:41.085  INFO 9944 --- [main] s.w.s.m.m.a.RequestMappingHandlerMapping : Mapped "{[/error],produces=[text/html]}" onto public org.springframework.web.servlet.ModelAndView org.springframework.boot.autoconfigure.web.BasicErrorController.errorHtml(javax.servlet.http.HttpServletRequest,javax.servlet.http.HttpServletResponse)
2020-01-07 16:07:41.106  INFO 9944 --- [main] o.s.w.s.handler.SimpleUrlHandlerMapping  : Mapped URL path [/webjars/**] onto handler of type [class org.springframework.web.servlet.resource.ResourceHttpRequestHandler]
2020-01-07 16:07:41.107  INFO 9944 --- [main] o.s.w.s.handler.SimpleUrlHandlerMapping  : Mapped URL path [/**] onto handler of type [class org.springframework.web.servlet.resource.ResourceHttpRequestHandler]
2020-01-07 16:07:41.137  INFO 9944 --- [main] o.s.w.s.handler.SimpleUrlHandlerMapping  : Mapped URL path [/**/favicon.ico] onto handler of type [class org.springframework.web.servlet.resource.ResourceHttpRequestHandler]
2020-01-07 16:07:41.559  INFO 9944 --- [main] o.s.j.e.a.AnnotationMBeanExporter        : Registering beans for JMX exposure on startup
2020-01-07 16:07:41.560  INFO 9944 --- [main] o.s.j.e.a.AnnotationMBeanExporter        : Bean with name 'dataSource' has been autodetected for JMX exposure
2020-01-07 16:07:41.563  INFO 9944 --- [main] o.s.j.e.a.AnnotationMBeanExporter        : Located MBean 'dataSource': registering with JMX server as MBean [com.alibaba.druid.pool:name=dataSource,type=DruidDataSource]
2020-01-07 16:07:41.570  INFO 9944 --- [main] s.a.ScheduledAnnotationBeanPostProcessor : No TaskScheduler/ScheduledExecutorService bean found for scheduled processing
2020-01-07 16:07:41.601  INFO 9944 --- [main] s.b.c.e.t.TomcatEmbeddedServletContainer : Tomcat started on port(s): 8011 (http)
2020-01-07 16:07:41.605  INFO 9944 --- [main] com.kenick.Application                   : Started Application in 3.308 seconds (JVM running for 3.997)
2020-01-07 16:07:56.976  INFO 9944 --- [http-nio-8011-exec-1] o.a.c.c.C.[Tomcat].[localhost].[/]       : Initializing Spring FrameworkServlet 'dispatcherServlet'
2020-01-07 16:07:56.977  INFO 9944 --- [http-nio-8011-exec-1] o.s.web.servlet.DispatcherServlet        : FrameworkServlet 'dispatcherServlet': initialization started
2020-01-07 16:07:56.995  INFO 9944 --- [http-nio-8011-exec-1] o.s.web.servlet.DispatcherServlet        : FrameworkServlet 'dispatcherServlet': initialization completed in 18 ms
2020-01-07 16:07:57.079  INFO 9944 --- [http-nio-8011-exec-1] com.alibaba.druid.pool.DruidDataSource   : {dataSource-1} inited
2020-01-07 16:07:57.206 DEBUG 9944 --- [http-nio-8011-exec-1] c.k.g.dao.FundMapper.selectByExample     : ==>  Preparing: select id, code, name, cur_time, cur_net_value, cur_gain, last_net_value, last_gain, gain_total from fund order by gain_total,cur_gain 
2020-01-07 16:07:57.217 DEBUG 9944 --- [http-nio-8011-exec-1] c.k.g.dao.FundMapper.selectByExample     : ==> Parameters: 
2020-01-07 16:07:57.252 DEBUG 9944 --- [http-nio-8011-exec-1] c.k.g.dao.FundMapper.selectByExample     : <==      Total: 13
2020-01-07 16:08:00.001 DEBUG 9944 --- [pool-1-thread-1] c.k.g.dao.FundMapper.selectByExample     : ==>  Preparing: select id, code, name, cur_time, cur_net_value, cur_gain, last_net_value, last_gain, gain_total from fund order by id 
2020-01-07 16:08:00.003 DEBUG 9944 --- [pool-1-thread-1] c.k.g.dao.FundMapper.selectByExample     : ==> Parameters: 
2020-01-07 16:08:00.017 DEBUG 9944 --- [pool-1-thread-1] c.k.g.dao.FundMapper.selectByExample     : <==      Total: 13
2020-01-07 16:08:00.380 DEBUG 9944 --- [pool-1-thread-1] c.k.fund.service.impl.TaskServiceImpl    : 爬取的最新基金数据为:jsonpgz({"fundcode":"070011","name":"嘉实策略混合","jzrq":"2020-01-06","dwjz":"1.2030","gsz":"1.2148","gszzl":"0.98","gztime":"2020-01-07 15:00"});
2020-01-07 16:08:00.422 DEBUG 9944 --- [pool-1-thread-1] c.k.g.d.F.updateByExampleSelective       : ==>  Preparing: update fund SET code = ?, name = ?, cur_time = ?, cur_net_value = ?, cur_gain = ?, last_net_value = ?, last_gain = ?, gain_total = ? WHERE ( code = ? ) 
2020-01-07 16:08:00.423 DEBUG 9944 --- [pool-1-thread-1] c.k.g.d.F.updateByExampleSelective       : ==> Parameters: 070011(String), 嘉实策略混合(070011)(String), 01-07 15:00(String), 1.2148(Double), 0.98(Double), 1.203(Double), -0.25(Double), 0.73(BigDecimal), 070011(String)
2020-01-07 16:08:00.472 DEBUG 9944 --- [pool-1-thread-1] c.k.g.d.F.updateByExampleSelective       : <==    Updates: 1
2020-01-07 16:08:00.597 DEBUG 9944 --- [pool-1-thread-1] c.k.fund.service.impl.TaskServiceImpl    : 爬取的最新基金数据为:jsonpgz({"fundcode":"160222","name":"国泰国证食品饮料行业指数分级","jzrq":"2020-01-06","dwjz":"1.0684","gsz":"1.0835","gszzl":"1.42","gztime":"2020-01-07 15:00"});
2020-01-07 16:08:00.598 DEBUG 9944 --- [pool-1-thread-1] c.k.g.d.F.updateByExampleSelective       : ==>  Preparing: update fund SET code = ?, name = ?, cur_time = ?, cur_net_value = ?, cur_gain = ?, last_net_value = ?, last_gain = ?, gain_total = ? WHERE ( code = ? ) 
2020-01-07 16:08:00.598 DEBUG 9944 --- [pool-1-thread-1] c.k.g.d.F.updateByExampleSelective       : ==> Parameters: 160222(String), 国泰国证食品饮料行业指数分级(160222)(String), 01-07 15:00(String), 1.0835(Double), 1.42(Double), 1.0684(Double), -0.99(Double), 0.42999999999999994(BigDecimal), 160222(String)
2020-01-07 16:08:00.628 DEBUG 9944 --- [pool-1-thread-1] c.k.g.d.F.updateByExampleSelective       : <==    Updates: 1
2020-01-07 16:08:00.736 DEBUG 9944 --- [pool-1-thread-1] c.k.fund.service.impl.TaskServiceImpl    : 爬取的最新基金数据为:jsonpgz({"fundcode":"163402","name":"兴全趋势投资混合(LOF)","jzrq":"2020-01-06","dwjz":"0.7535","gsz":"0.7587","gszzl":"0.69","gztime":"2020-01-07 15:00"});
2020-01-07 16:08:00.737 DEBUG 9944 --- [pool-1-thread-1] c.k.g.d.F.updateByExampleSelective       : ==>  Preparing: update fund SET code = ?, name = ?, cur_time = ?, cur_net_value = ?, cur_gain = ?, last_net_value = ?, last_gain = ?, gain_total = ? WHERE ( code = ? ) 
2020-01-07 16:08:00.739 DEBUG 9944 --- [pool-1-thread-1] c.k.g.d.F.updateByExampleSelective       : ==> Parameters: 163402(String), 兴全趋势投资混合(LOF)(前端：163402  后端：163403)(String), 01-07 15:00(String), 0.7587(Double), 0.69(Double), 0.7535(Double), 0.41(Double), 1.0999999999999999(BigDecimal), 163402(String)
2020-01-07 16:08:00.772 DEBUG 9944 --- [pool-1-thread-1] c.k.g.d.F.updateByExampleSelective       : <==    Updates: 1
2020-01-07 16:08:00.876 DEBUG 9944 --- [pool-1-thread-1] c.k.fund.service.impl.TaskServiceImpl    : 爬取的最新基金数据为:jsonpgz({"fundcode":"004683","name":"建信高端医疗股票","jzrq":"2020-01-06","dwjz":"1.0933","gsz":"1.1063","gszzl":"1.18","gztime":"2020-01-07 15:00"});
2020-01-07 16:08:00.876 DEBUG 9944 --- [pool-1-thread-1] c.k.g.d.F.updateByExampleSelective       : ==>  Preparing: update fund SET code = ?, name = ?, cur_time = ?, cur_net_value = ?, cur_gain = ?, last_net_value = ?, last_gain = ?, gain_total = ? WHERE ( code = ? ) 
2020-01-07 16:08:00.877 DEBUG 9944 --- [pool-1-thread-1] c.k.g.d.F.updateByExampleSelective       : ==> Parameters: 004683(String), 建信高端医疗股票(004683)(String), 01-07 15:00(String), 1.1063(Double), 1.18(Double), 1.0933(Double), -0.67(Double), 0.5099999999999999(BigDecimal), 004683(String)
2020-01-07 16:08:00.911 DEBUG 9944 --- [pool-1-thread-1] c.k.g.d.F.updateByExampleSelective       : <==    Updates: 1
2020-01-07 16:08:01.050 DEBUG 9944 --- [pool-1-thread-1] c.k.fund.service.impl.TaskServiceImpl    : 爬取的最新基金数据为:jsonpgz({"fundcode":"001645","name":"国泰大健康股票","jzrq":"2020-01-06","dwjz":"2.2090","gsz":"2.2516","gszzl":"1.93","gztime":"2020-01-07 15:00"});
2020-01-07 16:08:01.051 DEBUG 9944 --- [pool-1-thread-1] c.k.g.d.F.updateByExampleSelective       : ==>  Preparing: update fund SET code = ?, name = ?, cur_time = ?, cur_net_value = ?, cur_gain = ?, last_net_value = ?, last_gain = ?, gain_total = ? WHERE ( code = ? ) 
2020-01-07 16:08:01.052 DEBUG 9944 --- [pool-1-thread-1] c.k.g.d.F.updateByExampleSelective       : ==> Parameters: 001645(String), 国泰大健康股票(001645)(String), 01-07 15:00(String), 2.2516(Double), 1.93(Double), 2.209(Double), 0.41(Double), 2.34(BigDecimal), 001645(String)
2020-01-07 16:08:01.097 DEBUG 9944 --- [pool-1-thread-1] c.k.g.d.F.updateByExampleSelective       : <==    Updates: 1
2020-01-07 16:08:01.197 DEBUG 9944 --- [pool-1-thread-1] c.k.fund.service.impl.TaskServiceImpl    : 爬取的最新基金数据为:jsonpgz({"fundcode":"003191","name":"创金合信消费主题股票C","jzrq":"2020-01-06","dwjz":"1.6041","gsz":"1.6384","gszzl":"2.14","gztime":"2020-01-07 15:00"});
2020-01-07 16:08:01.199 DEBUG 9944 --- [pool-1-thread-1] c.k.g.d.F.updateByExampleSelective       : ==>  Preparing: update fund SET code = ?, name = ?, cur_time = ?, cur_net_value = ?, cur_gain = ?, last_net_value = ?, last_gain = ?, gain_total = ? WHERE ( code = ? ) 
2020-01-07 16:08:01.200 DEBUG 9944 --- [pool-1-thread-1] c.k.g.d.F.updateByExampleSelective       : ==> Parameters: 003191(String), 创金合信消费主题股票C(003191)(String), 01-07 15:00(String), 1.6384(Double), 2.14(Double), 1.6041(Double), -0.51(Double), 1.6300000000000001(BigDecimal), 003191(String)
2020-01-07 16:08:01.228 DEBUG 9944 --- [pool-1-thread-1] c.k.g.d.F.updateByExampleSelective       : <==    Updates: 1
2020-01-07 16:08:01.330 DEBUG 9944 --- [pool-1-thread-1] c.k.fund.service.impl.TaskServiceImpl    : 爬取的最新基金数据为:jsonpgz({"fundcode":"519727","name":"交银成长30混合","jzrq":"2020-01-06","dwjz":"1.6500","gsz":"1.6578","gszzl":"0.48","gztime":"2020-01-07 15:00"});
2020-01-07 16:08:01.331 DEBUG 9944 --- [pool-1-thread-1] c.k.g.d.F.updateByExampleSelective       : ==>  Preparing: update fund SET code = ?, name = ?, cur_time = ?, cur_net_value = ?, cur_gain = ?, last_net_value = ?, last_gain = ?, gain_total = ? WHERE ( code = ? ) 
2020-01-07 16:08:01.333 DEBUG 9944 --- [pool-1-thread-1] c.k.g.d.F.updateByExampleSelective       : ==> Parameters: 519727(String), 交银成长30混合(前端：519727  后端：519728)(String), 01-07 15:00(String), 1.6578(Double), 0.48(Double), 1.65(Double), 0.98(Double), 1.46(BigDecimal), 519727(String)
2020-01-07 16:08:01.372 DEBUG 9944 --- [pool-1-thread-1] c.k.g.d.F.updateByExampleSelective       : <==    Updates: 1
2020-01-07 16:08:01.477 DEBUG 9944 --- [pool-1-thread-1] c.k.fund.service.impl.TaskServiceImpl    : 爬取的最新基金数据为:jsonpgz({"fundcode":"003096","name":"中欧医疗健康混合C","jzrq":"2020-01-06","dwjz":"1.6990","gsz":"1.7153","gszzl":"0.96","gztime":"2020-01-07 15:00"});
2020-01-07 16:08:01.478 DEBUG 9944 --- [pool-1-thread-1] c.k.g.d.F.updateByExampleSelective       : ==>  Preparing: update fund SET code = ?, name = ?, cur_time = ?, cur_net_value = ?, cur_gain = ?, last_net_value = ?, last_gain = ?, gain_total = ? WHERE ( code = ? ) 
2020-01-07 16:08:01.480 DEBUG 9944 --- [pool-1-thread-1] c.k.g.d.F.updateByExampleSelective       : ==> Parameters: 003096(String), 中欧医疗健康混合C(003096)(String), 01-07 15:00(String), 1.7153(Double), 0.96(Double), 1.699(Double), -0.93(Double), 0.029999999999999916(BigDecimal), 003096(String)
2020-01-07 16:08:01.511 DEBUG 9944 --- [pool-1-thread-1] c.k.g.d.F.updateByExampleSelective       : <==    Updates: 1
2020-01-07 16:08:01.608 DEBUG 9944 --- [pool-1-thread-1] c.k.fund.service.impl.TaskServiceImpl    : 爬取的最新基金数据为:jsonpgz({"fundcode":"003625","name":"创金合信资源股票发起式C","jzrq":"2020-01-06","dwjz":"1.1219","gsz":"1.1219","gszzl":"0.00","gztime":"2020-01-07 15:00"});
2020-01-07 16:08:01.609 DEBUG 9944 --- [pool-1-thread-1] c.k.g.d.F.updateByExampleSelective       : ==>  Preparing: update fund SET code = ?, name = ?, cur_time = ?, cur_net_value = ?, cur_gain = ?, last_net_value = ?, last_gain = ?, gain_total = ? WHERE ( code = ? ) 
2020-01-07 16:08:01.610 DEBUG 9944 --- [pool-1-thread-1] c.k.g.d.F.updateByExampleSelective       : ==> Parameters: 003625(String), 创金合信资源股票发起式C(003625)(String), 01-07 15:00(String), 1.1219(Double), 0.0(Double), 1.1219(Double), 2.32(Double), 2.32(BigDecimal), 003625(String)
2020-01-07 16:08:01.663 DEBUG 9944 --- [pool-1-thread-1] c.k.g.d.F.updateByExampleSelective       : <==    Updates: 1
2020-01-07 16:08:01.763 DEBUG 9944 --- [pool-1-thread-1] c.k.fund.service.impl.TaskServiceImpl    : 爬取的最新基金数据为:jsonpgz({"fundcode":"005496","name":"创金合信科技成长股票C","jzrq":"2020-01-06","dwjz":"1.3701","gsz":"1.3743","gszzl":"0.30","gztime":"2020-01-07 15:00"});
2020-01-07 16:08:01.765 DEBUG 9944 --- [pool-1-thread-1] c.k.g.d.F.updateByExampleSelective       : ==>  Preparing: update fund SET code = ?, name = ?, cur_time = ?, cur_net_value = ?, cur_gain = ?, last_net_value = ?, last_gain = ?, gain_total = ? WHERE ( code = ? ) 
2020-01-07 16:08:01.766 DEBUG 9944 --- [pool-1-thread-1] c.k.g.d.F.updateByExampleSelective       : ==> Parameters: 005496(String), 创金合信科技成长股票C(005496)(String), 01-07 15:00(String), 1.3743(Double), 0.3(Double), 1.3701(Double), 1.47(Double), 1.77(BigDecimal), 005496(String)
2020-01-07 16:08:01.803 DEBUG 9944 --- [pool-1-thread-1] c.k.g.d.F.updateByExampleSelective       : <==    Updates: 1
2020-01-07 16:08:01.922 DEBUG 9944 --- [pool-1-thread-1] c.k.fund.service.impl.TaskServiceImpl    : 爬取的最新基金数据为:jsonpgz({"fundcode":"070001","name":"嘉实成长收益混合A","jzrq":"2020-01-06","dwjz":"1.1408","gsz":"1.1495","gszzl":"0.76","gztime":"2020-01-07 15:00"});
2020-01-07 16:08:01.923 DEBUG 9944 --- [pool-1-thread-1] c.k.g.d.F.updateByExampleSelective       : ==>  Preparing: update fund SET code = ?, name = ?, cur_time = ?, cur_net_value = ?, cur_gain = ?, last_net_value = ?, last_gain = ?, gain_total = ? WHERE ( code = ? ) 
2020-01-07 16:08:01.924 DEBUG 9944 --- [pool-1-thread-1] c.k.g.d.F.updateByExampleSelective       : ==> Parameters: 070001(String), 嘉实成长收益混合A(070001)(String), 01-07 15:00(String), 1.1495(Double), 0.76(Double), 1.1408(Double), -0.52(Double), 0.24(BigDecimal), 070001(String)
2020-01-07 16:08:01.955 DEBUG 9944 --- [pool-1-thread-1] c.k.g.d.F.updateByExampleSelective       : <==    Updates: 1
2020-01-07 16:08:02.054 DEBUG 9944 --- [pool-1-thread-1] c.k.fund.service.impl.TaskServiceImpl    : 爬取的最新基金数据为:jsonpgz({"fundcode":"005963","name":"宝盈人工智能股票C","jzrq":"2020-01-06","dwjz":"1.7430","gsz":"1.7518","gszzl":"0.50","gztime":"2020-01-07 15:00"});
2020-01-07 16:08:02.055 DEBUG 9944 --- [pool-1-thread-1] c.k.g.d.F.updateByExampleSelective       : ==>  Preparing: update fund SET code = ?, name = ?, cur_time = ?, cur_net_value = ?, cur_gain = ?, last_net_value = ?, last_gain = ?, gain_total = ? WHERE ( code = ? ) 
2020-01-07 16:08:02.056 DEBUG 9944 --- [pool-1-thread-1] c.k.g.d.F.updateByExampleSelective       : ==> Parameters: 005963(String), 宝盈人工智能股票C(005963)(String), 01-07 15:00(String), 1.7518(Double), 0.5(Double), 1.743(Double), 0.55(Double), 1.05(BigDecimal), 005963(String)
2020-01-07 16:08:02.087 DEBUG 9944 --- [pool-1-thread-1] c.k.g.d.F.updateByExampleSelective       : <==    Updates: 1
2020-01-07 16:08:02.189 DEBUG 9944 --- [pool-1-thread-1] c.k.fund.service.impl.TaskServiceImpl    : 爬取的最新基金数据为:jsonpgz({"fundcode":"003956","name":"南方教育股票","jzrq":"2020-01-06","dwjz":"1.4722","gsz":"1.4796","gszzl":"0.50","gztime":"2020-01-07 15:00"});
2020-01-07 16:08:02.190 DEBUG 9944 --- [pool-1-thread-1] c.k.g.d.F.updateByExampleSelective       : ==>  Preparing: update fund SET code = ?, name = ?, cur_time = ?, cur_net_value = ?, cur_gain = ?, last_net_value = ?, last_gain = ?, gain_total = ? WHERE ( code = ? ) 
2020-01-07 16:08:02.192 DEBUG 9944 --- [pool-1-thread-1] c.k.g.d.F.updateByExampleSelective       : ==> Parameters: 003956(String), 南方教育股票(003956)(String), 01-07 15:00(String), 1.4796(Double), 0.5(Double), 1.4722(Double), 0.88(Double), 1.38(BigDecimal), 003956(String)
2020-01-07 16:08:02.230 DEBUG 9944 --- [pool-1-thread-1] c.k.g.d.F.updateByExampleSelective       : <==    Updates: 1
2020-01-07 16:08:02.230 DEBUG 9944 --- [pool-1-thread-1] c.k.fund.service.impl.TaskServiceImpl    : 遍历基金一轮花费时间:2229
2020-01-07 16:16:46.468  INFO 14208 --- [main] com.kenick.log.LoggerTest                : Starting LoggerTest on pc-PC with PID 14208 (started by Administrator in E:\svn_workspace\SmartFinancialManager)
2020-01-07 16:16:46.468 DEBUG 14208 --- [main] com.kenick.log.LoggerTest                : Running with Spring Boot v1.5.6.RELEASE, Spring v4.3.10.RELEASE
2020-01-07 16:16:46.469  INFO 14208 --- [main] com.kenick.log.LoggerTest                : The following profiles are active: dev
2020-01-07 16:16:46.764  INFO 14208 --- [main] o.s.w.c.s.GenericWebApplicationContext   : Refreshing org.springframework.web.context.support.GenericWebApplicationContext@1de76cc7: startup date [Tue Jan 07 16:16:46 CST 2020]; root of context hierarchy
2020-01-07 16:16:47.807  INFO 14208 --- [main] ptablePropertiesBeanFactoryPostProcessor : Post-processing PropertySource instances
2020-01-07 16:16:47.937  INFO 14208 --- [main] c.u.j.EncryptablePropertySourceConverter : Converting PropertySource Inlined Test Properties [org.springframework.core.env.MapPropertySource] to EncryptableMapPropertySourceWrapper
2020-01-07 16:16:47.939  INFO 14208 --- [main] c.u.j.EncryptablePropertySourceConverter : Converting PropertySource systemProperties [org.springframework.core.env.MapPropertySource] to EncryptableMapPropertySourceWrapper
2020-01-07 16:16:47.940  INFO 14208 --- [main] c.u.j.EncryptablePropertySourceConverter : Converting PropertySource systemEnvironment [org.springframework.core.env.SystemEnvironmentPropertySource] to EncryptableMapPropertySourceWrapper
2020-01-07 16:16:47.941  INFO 14208 --- [main] c.u.j.EncryptablePropertySourceConverter : Converting PropertySource random [org.springframework.boot.context.config.RandomValuePropertySource] to EncryptablePropertySourceWrapper
2020-01-07 16:16:47.942  INFO 14208 --- [main] c.u.j.EncryptablePropertySourceConverter : Converting PropertySource applicationConfig: [classpath:/application-dev.properties] [org.springframework.core.env.PropertiesPropertySource] to EncryptableMapPropertySourceWrapper
2020-01-07 16:16:47.942  INFO 14208 --- [main] c.u.j.EncryptablePropertySourceConverter : Converting PropertySource applicationConfig: [classpath:/application.properties] [org.springframework.core.env.PropertiesPropertySource] to EncryptableMapPropertySourceWrapper
2020-01-07 16:16:48.336  INFO 14208 --- [main] c.u.j.r.DefaultLazyPropertyResolver      : Property Resolver custom Bean not found with name 'encryptablePropertyResolver'. Initializing Default Property Resolver
2020-01-07 16:16:48.342  INFO 14208 --- [main] c.u.j.d.DefaultLazyPropertyDetector      : Property Detector custom Bean not found with name 'encryptablePropertyDetector'. Initializing Default Property Detector
2020-01-07 16:16:48.400  INFO 14208 --- [main] c.u.j.encryptor.DefaultLazyEncryptor     : String Encryptor custom Bean not found with name 'jasyptStringEncryptor'. Initializing Default String Encryptor
2020-01-07 16:16:48.409  INFO 14208 --- [main] c.u.j.encryptor.DefaultLazyEncryptor     : Encryptor config not found for property jasypt.encryptor.algorithm, using default value: PBEWithMD5AndDES
2020-01-07 16:16:48.410  INFO 14208 --- [main] c.u.j.encryptor.DefaultLazyEncryptor     : Encryptor config not found for property jasypt.encryptor.keyObtentionIterations, using default value: 1000
2020-01-07 16:16:48.410  INFO 14208 --- [main] c.u.j.encryptor.DefaultLazyEncryptor     : Encryptor config not found for property jasypt.encryptor.poolSize, using default value: 1
2020-01-07 16:16:48.411  INFO 14208 --- [main] c.u.j.encryptor.DefaultLazyEncryptor     : Encryptor config not found for property jasypt.encryptor.providerName, using default value: null
2020-01-07 16:16:48.411  INFO 14208 --- [main] c.u.j.encryptor.DefaultLazyEncryptor     : Encryptor config not found for property jasypt.encryptor.saltGeneratorClassname, using default value: org.jasypt.salt.RandomSaltGenerator
2020-01-07 16:16:48.418  INFO 14208 --- [main] c.u.j.encryptor.DefaultLazyEncryptor     : Encryptor config not found for property jasypt.encryptor.stringOutputType, using default value: base64
2020-01-07 16:16:49.766  INFO 14208 --- [main] s.w.s.m.m.a.RequestMappingHandlerAdapter : Looking for @ControllerAdvice: org.springframework.web.context.support.GenericWebApplicationContext@1de76cc7: startup date [Tue Jan 07 16:16:46 CST 2020]; root of context hierarchy
2020-01-07 16:16:49.903  INFO 14208 --- [main] s.w.s.m.m.a.RequestMappingHandlerMapping : Mapped "{[/fund/index.html]}" onto public java.lang.String com.kenick.controller.FundController.index(org.springframework.ui.Model)
2020-01-07 16:16:49.904  INFO 14208 --- [main] s.w.s.m.m.a.RequestMappingHandlerMapping : Mapped "{[/hello],methods=[GET]}" onto public java.lang.String com.kenick.controller.HelloController.hello(org.springframework.ui.Model)
2020-01-07 16:16:49.905  INFO 14208 --- [main] s.w.s.m.m.a.RequestMappingHandlerMapping : Mapped "{[/]}" onto public java.lang.String com.kenick.controller.IndexController.index()
2020-01-07 16:16:49.905  INFO 14208 --- [main] s.w.s.m.m.a.RequestMappingHandlerMapping : Mapped "{[/user/addUser]}" onto public com.kenick.generate.bean.User com.kenick.controller.UserController.addUser(javax.servlet.http.HttpServletRequest,org.springframework.ui.Model)
2020-01-07 16:16:49.907  INFO 14208 --- [main] s.w.s.m.m.a.RequestMappingHandlerMapping : Mapped "{[/error]}" onto public org.springframework.http.ResponseEntity<java.util.Map<java.lang.String, java.lang.Object>> org.springframework.boot.autoconfigure.web.BasicErrorController.error(javax.servlet.http.HttpServletRequest)
2020-01-07 16:16:49.908  INFO 14208 --- [main] s.w.s.m.m.a.RequestMappingHandlerMapping : Mapped "{[/error],produces=[text/html]}" onto public org.springframework.web.servlet.ModelAndView org.springframework.boot.autoconfigure.web.BasicErrorController.errorHtml(javax.servlet.http.HttpServletRequest,javax.servlet.http.HttpServletResponse)
2020-01-07 16:16:49.936  INFO 14208 --- [main] o.s.w.s.handler.SimpleUrlHandlerMapping  : Mapped URL path [/webjars/**] onto handler of type [class org.springframework.web.servlet.resource.ResourceHttpRequestHandler]
2020-01-07 16:16:49.937  INFO 14208 --- [main] o.s.w.s.handler.SimpleUrlHandlerMapping  : Mapped URL path [/**] onto handler of type [class org.springframework.web.servlet.resource.ResourceHttpRequestHandler]
2020-01-07 16:16:49.975  INFO 14208 --- [main] o.s.w.s.handler.SimpleUrlHandlerMapping  : Mapped URL path [/**/favicon.ico] onto handler of type [class org.springframework.web.servlet.resource.ResourceHttpRequestHandler]
2020-01-07 16:16:50.506  INFO 14208 --- [main] s.a.ScheduledAnnotationBeanPostProcessor : No TaskScheduler/ScheduledExecutorService bean found for scheduled processing
2020-01-07 16:16:50.532  INFO 14208 --- [main] com.kenick.log.LoggerTest                : Started LoggerTest in 4.408 seconds (JVM running for 5.299)
2020-01-07 16:16:50.612 DEBUG 14208 --- [main] com.kenick.log.LoggerTest                : taskService:com.kenick.fund.service.impl.TaskServiceImpl@642505c7
2020-01-07 16:16:50.612 DEBUG 14208 --- [main] com.kenick.log.LoggerTest                : logger:Logger[com.kenick.log.LoggerTest]
2020-01-07 16:16:50.619  INFO 14208 --- [Thread-2] o.s.w.c.s.GenericWebApplicationContext   : Closing org.springframework.web.context.support.GenericWebApplicationContext@1de76cc7: startup date [Tue Jan 07 16:16:46 CST 2020]; root of context hierarchy
